<?xml version="1.0" encoding="UTF-8"?>
<coverage generated="1653859862685" clover="3.2.0">
  <project timestamp="1653859862685" name="All files">
    <metrics statements="707" coveredstatements="583" conditionals="117" coveredconditionals="63" methods="77" coveredmethods="69" elements="901" coveredelements="715" complexity="0" loc="707" ncloc="707" packages="8" files="39" classes="39">
      <package name="src">
        <metrics statements="39" coveredstatements="39" conditionals="2" coveredconditionals="1" methods="3" coveredmethods="2"/>
        <file name="app.js" path="C:\Users\Beyhan Ildırar\OneDrive\Masaüstü\osf-final-project\src\app.js">
          <metrics statements="35" coveredstatements="35" conditionals="0" coveredconditionals="0" methods="3" coveredmethods="2"/>
          <line num="1" count="8" type="stmt"/>
          <line num="2" count="8" type="stmt"/>
          <line num="3" count="8" type="stmt"/>
          <line num="4" count="8" type="stmt"/>
          <line num="5" count="8" type="stmt"/>
          <line num="6" count="8" type="stmt"/>
          <line num="7" count="8" type="stmt"/>
          <line num="8" count="8" type="stmt"/>
          <line num="9" count="8" type="stmt"/>
          <line num="11" count="8" type="stmt"/>
          <line num="14" count="8" type="stmt"/>
          <line num="17" count="8" type="stmt"/>
          <line num="29" count="8" type="stmt"/>
          <line num="34" count="8" type="stmt"/>
          <line num="35" count="8" type="stmt"/>
          <line num="39" count="8" type="stmt"/>
          <line num="41" count="8" type="stmt"/>
          <line num="42" count="8" type="stmt"/>
          <line num="43" count="8" type="stmt"/>
          <line num="44" count="8" type="stmt"/>
          <line num="45" count="8" type="stmt"/>
          <line num="46" count="8" type="stmt"/>
          <line num="47" count="8" type="stmt"/>
          <line num="50" count="8" type="stmt"/>
          <line num="52" count="8" type="stmt"/>
          <line num="53" count="20" type="stmt"/>
          <line num="54" count="20" type="stmt"/>
          <line num="55" count="20" type="stmt"/>
          <line num="56" count="20" type="stmt"/>
          <line num="60" count="8" type="stmt"/>
          <line num="63" count="8" type="stmt"/>
          <line num="66" count="8" type="stmt"/>
          <line num="67" count="8" type="stmt"/>
          <line num="68" count="8" type="stmt"/>
          <line num="70" count="8" type="stmt"/>
        </file>
        <file name="config.js" path="C:\Users\Beyhan Ildırar\OneDrive\Masaüstü\osf-final-project\src\config.js">
          <metrics statements="4" coveredstatements="4" conditionals="2" coveredconditionals="1" methods="0" coveredmethods="0"/>
          <line num="1" count="8" type="stmt"/>
          <line num="2" count="8" type="stmt"/>
          <line num="4" count="8" type="stmt"/>
          <line num="17" count="8" type="stmt"/>
        </file>
      </package>
      <package name="src.controllers">
        <metrics statements="327" coveredstatements="225" conditionals="66" coveredconditionals="28" methods="22" coveredmethods="17"/>
        <file name="authController.js" path="C:\Users\Beyhan Ildırar\OneDrive\Masaüstü\osf-final-project\src\controllers\authController.js">
          <metrics statements="50" coveredstatements="33" conditionals="10" coveredconditionals="5" methods="4" coveredmethods="2"/>
          <line num="1" count="8" type="stmt"/>
          <line num="2" count="8" type="stmt"/>
          <line num="3" count="8" type="stmt"/>
          <line num="4" count="8" type="stmt"/>
          <line num="5" count="8" type="stmt"/>
          <line num="6" count="8" type="stmt"/>
          <line num="7" count="8" type="stmt"/>
          <line num="8" count="8" type="stmt"/>
          <line num="11" count="8" type="stmt"/>
          <line num="12" count="2" type="stmt"/>
          <line num="14" count="2" type="stmt"/>
          <line num="15" count="2" type="cond" truecount="1" falsecount="1"/>
          <line num="16" count="0" type="stmt"/>
          <line num="20" count="2" type="stmt"/>
          <line num="26" count="2" type="stmt"/>
          <line num="27" count="2" type="cond" truecount="2" falsecount="0"/>
          <line num="28" count="1" type="stmt"/>
          <line num="30" count="1" type="stmt"/>
          <line num="38" count="1" type="stmt"/>
          <line num="41" count="1" type="stmt"/>
          <line num="46" count="8" type="stmt"/>
          <line num="47" count="2" type="stmt"/>
          <line num="48" count="2" type="stmt"/>
          <line num="49" count="2" type="stmt"/>
          <line num="54" count="2" type="stmt"/>
          <line num="55" count="2" type="cond" truecount="2" falsecount="0"/>
          <line num="56" count="1" type="stmt"/>
          <line num="58" count="1" type="stmt"/>
          <line num="62" count="1" type="stmt"/>
          <line num="74" count="1" type="stmt"/>
          <line num="77" count="1" type="stmt"/>
          <line num="82" count="8" type="stmt"/>
          <line num="83" count="0" type="stmt"/>
          <line num="84" count="0" type="cond" truecount="0" falsecount="4"/>
          <line num="85" count="0" type="stmt"/>
          <line num="87" count="0" type="stmt"/>
          <line num="88" count="0" type="stmt"/>
          <line num="89" count="0" type="stmt"/>
          <line num="91" count="0" type="stmt"/>
          <line num="96" count="8" type="stmt"/>
          <line num="97" count="0" type="stmt"/>
          <line num="98" count="0" type="stmt"/>
          <line num="99" count="0" type="stmt"/>
          <line num="100" count="0" type="stmt"/>
          <line num="101" count="0" type="stmt"/>
          <line num="102" count="0" type="stmt"/>
          <line num="103" count="0" type="stmt"/>
          <line num="105" count="0" type="stmt"/>
          <line num="112" count="0" type="stmt"/>
          <line num="116" count="8" type="stmt"/>
        </file>
        <file name="cartController.js" path="C:\Users\Beyhan Ildırar\OneDrive\Masaüstü\osf-final-project\src\controllers\cartController.js">
          <metrics statements="67" coveredstatements="36" conditionals="12" coveredconditionals="3" methods="4" coveredmethods="3"/>
          <line num="1" count="8" type="stmt"/>
          <line num="2" count="8" type="stmt"/>
          <line num="10" count="8" type="stmt"/>
          <line num="14" count="8" type="stmt"/>
          <line num="17" count="8" type="stmt"/>
          <line num="18" count="1" type="stmt"/>
          <line num="19" count="1" type="stmt"/>
          <line num="20" count="1" type="stmt"/>
          <line num="21" count="1" type="stmt"/>
          <line num="22" count="1" type="stmt"/>
          <line num="23" count="1" type="stmt"/>
          <line num="24" count="1" type="cond" truecount="1" falsecount="1"/>
          <line num="25" count="0" type="stmt"/>
          <line num="31" count="1" type="stmt"/>
          <line num="32" count="1" type="stmt"/>
          <line num="34" count="1" type="stmt"/>
          <line num="42" count="0" type="stmt"/>
          <line num="47" count="8" type="stmt"/>
          <line num="48" count="0" type="stmt"/>
          <line num="49" count="0" type="stmt"/>
          <line num="50" count="0" type="stmt"/>
          <line num="51" count="0" type="stmt"/>
          <line num="52" count="0" type="stmt"/>
          <line num="54" count="0" type="stmt"/>
          <line num="59" count="0" type="cond" truecount="0" falsecount="2"/>
          <line num="60" count="0" type="stmt"/>
          <line num="61" count="0" type="stmt"/>
          <line num="63" count="0" type="stmt"/>
          <line num="64" count="0" type="stmt"/>
          <line num="67" count="0" type="cond" truecount="0" falsecount="2"/>
          <line num="68" count="0" type="stmt"/>
          <line num="76" count="0" type="stmt"/>
          <line num="79" count="0" type="stmt"/>
          <line num="86" count="0" type="stmt"/>
          <line num="87" count="0" type="cond" truecount="0" falsecount="2"/>
          <line num="88" count="0" type="stmt"/>
          <line num="92" count="0" type="stmt"/>
          <line num="96" count="0" type="stmt"/>
          <line num="98" count="0" type="stmt"/>
          <line num="106" count="0" type="stmt"/>
          <line num="108" count="0" type="stmt"/>
          <line num="113" count="8" type="stmt"/>
          <line num="114" count="1" type="stmt"/>
          <line num="115" count="1" type="stmt"/>
          <line num="116" count="1" type="stmt"/>
          <line num="117" count="1" type="stmt"/>
          <line num="123" count="1" type="stmt"/>
          <line num="124" count="1" type="cond" truecount="1" falsecount="1"/>
          <line num="125" count="1" type="stmt"/>
          <line num="129" count="1" type="stmt"/>
          <line num="132" count="0" type="stmt"/>
          <line num="141" count="0" type="stmt"/>
          <line num="143" count="0" type="stmt"/>
          <line num="148" count="8" type="stmt"/>
          <line num="149" count="1" type="stmt"/>
          <line num="150" count="1" type="stmt"/>
          <line num="151" count="1" type="stmt"/>
          <line num="152" count="1" type="stmt"/>
          <line num="153" count="1" type="stmt"/>
          <line num="160" count="1" type="stmt"/>
          <line num="161" count="1" type="cond" truecount="1" falsecount="1"/>
          <line num="162" count="1" type="stmt"/>
          <line num="166" count="1" type="stmt"/>
          <line num="168" count="0" type="stmt"/>
          <line num="177" count="0" type="stmt"/>
          <line num="179" count="0" type="stmt"/>
          <line num="182" count="8" type="stmt"/>
        </file>
        <file name="categoryController.js" path="C:\Users\Beyhan Ildırar\OneDrive\Masaüstü\osf-final-project\src\controllers\categoryController.js">
          <metrics statements="29" coveredstatements="25" conditionals="8" coveredconditionals="5" methods="2" coveredmethods="2"/>
          <line num="4" count="8" type="stmt"/>
          <line num="5" count="8" type="stmt"/>
          <line num="6" count="8" type="stmt"/>
          <line num="7" count="8" type="stmt"/>
          <line num="10" count="8" type="stmt"/>
          <line num="11" count="1" type="stmt"/>
          <line num="13" count="1" type="stmt"/>
          <line num="14" count="1" type="stmt"/>
          <line num="15" count="1" type="stmt"/>
          <line num="16" count="1" type="stmt"/>
          <line num="18" count="1" type="cond" truecount="3" falsecount="1"/>
          <line num="19" count="0" type="stmt"/>
          <line num="21" count="1" type="stmt"/>
          <line num="23" count="1" type="stmt"/>
          <line num="27" count="0" type="stmt"/>
          <line num="32" count="8" type="stmt"/>
          <line num="33" count="1" type="stmt"/>
          <line num="34" count="1" type="stmt"/>
          <line num="36" count="1" type="stmt"/>
          <line num="37" count="1" type="cond" truecount="1" falsecount="1"/>
          <line num="38" count="0" type="stmt"/>
          <line num="40" count="1" type="stmt"/>
          <line num="41" count="1" type="stmt"/>
          <line num="42" count="1" type="cond" truecount="1" falsecount="1"/>
          <line num="43" count="1" type="stmt"/>
          <line num="44" count="1" type="stmt"/>
          <line num="46" count="1" type="stmt"/>
          <line num="53" count="0" type="stmt"/>
          <line num="57" count="8" type="stmt"/>
        </file>
        <file name="orderController.js" path="C:\Users\Beyhan Ildırar\OneDrive\Masaüstü\osf-final-project\src\controllers\orderController.js">
          <metrics statements="34" coveredstatements="27" conditionals="8" coveredconditionals="4" methods="2" coveredmethods="2"/>
          <line num="1" count="8" type="stmt"/>
          <line num="2" count="8" type="stmt"/>
          <line num="7" count="8" type="stmt"/>
          <line num="8" count="8" type="stmt"/>
          <line num="9" count="8" type="stmt"/>
          <line num="12" count="8" type="stmt"/>
          <line num="13" count="1" type="stmt"/>
          <line num="14" count="1" type="stmt"/>
          <line num="16" count="1" type="stmt"/>
          <line num="17" count="1" type="stmt"/>
          <line num="18" count="1" type="stmt"/>
          <line num="19" count="1" type="cond" truecount="1" falsecount="1"/>
          <line num="20" count="0" type="stmt"/>
          <line num="26" count="1" type="stmt"/>
          <line num="32" count="0" type="stmt"/>
          <line num="37" count="8" type="stmt"/>
          <line num="38" count="1" type="stmt"/>
          <line num="39" count="1" type="stmt"/>
          <line num="41" count="1" type="stmt"/>
          <line num="43" count="1" type="cond" truecount="1" falsecount="1"/>
          <line num="44" count="0" type="stmt"/>
          <line num="48" count="0" type="stmt"/>
          <line num="50" count="1" type="stmt"/>
          <line num="51" count="1" type="cond" truecount="1" falsecount="1"/>
          <line num="52" count="1" type="stmt"/>
          <line num="53" count="1" type="stmt"/>
          <line num="60" count="1" type="stmt"/>
          <line num="62" count="1" type="cond" truecount="1" falsecount="1"/>
          <line num="63" count="0" type="stmt"/>
          <line num="67" count="0" type="stmt"/>
          <line num="70" count="1" type="stmt"/>
          <line num="74" count="1" type="stmt"/>
          <line num="76" count="0" type="stmt"/>
          <line num="80" count="8" type="stmt"/>
        </file>
        <file name="pageController.js" path="C:\Users\Beyhan Ildırar\OneDrive\Masaüstü\osf-final-project\src\controllers\pageController.js">
          <metrics statements="18" coveredstatements="8" conditionals="4" coveredconditionals="0" methods="3" coveredmethods="1"/>
          <line num="1" count="8" type="stmt"/>
          <line num="4" count="8" type="stmt"/>
          <line num="5" count="1" type="stmt"/>
          <line num="6" count="1" type="stmt"/>
          <line num="7" count="1" type="stmt"/>
          <line num="9" count="0" type="stmt"/>
          <line num="14" count="8" type="stmt"/>
          <line num="15" count="0" type="stmt"/>
          <line num="16" count="0" type="stmt"/>
          <line num="18" count="0" type="cond" truecount="0" falsecount="2"/>
          <line num="19" count="0" type="stmt"/>
          <line num="21" count="0" type="stmt"/>
          <line num="26" count="8" type="stmt"/>
          <line num="27" count="0" type="stmt"/>
          <line num="28" count="0" type="cond" truecount="0" falsecount="2"/>
          <line num="29" count="0" type="stmt"/>
          <line num="31" count="0" type="stmt"/>
          <line num="35" count="8" type="stmt"/>
        </file>
        <file name="productController.js" path="C:\Users\Beyhan Ildırar\OneDrive\Masaüstü\osf-final-project\src\controllers\productController.js">
          <metrics statements="36" coveredstatements="30" conditionals="8" coveredconditionals="4" methods="2" coveredmethods="2"/>
          <line num="1" count="8" type="stmt"/>
          <line num="8" count="8" type="stmt"/>
          <line num="9" count="8" type="stmt"/>
          <line num="10" count="8" type="stmt"/>
          <line num="13" count="8" type="stmt"/>
          <line num="14" count="1" type="stmt"/>
          <line num="16" count="1" type="stmt"/>
          <line num="17" count="1" type="stmt"/>
          <line num="18" count="1" type="stmt"/>
          <line num="21" count="1" type="cond" truecount="1" falsecount="1"/>
          <line num="22" count="0" type="stmt"/>
          <line num="24" count="1" type="stmt"/>
          <line num="25" count="1" type="stmt"/>
          <line num="26" count="1" type="cond" truecount="1" falsecount="1"/>
          <line num="27" count="0" type="stmt"/>
          <line num="33" count="1" type="stmt"/>
          <line num="35" count="0" type="stmt"/>
          <line num="40" count="8" type="stmt"/>
          <line num="41" count="1" type="stmt"/>
          <line num="42" count="1" type="stmt"/>
          <line num="43" count="1" type="stmt"/>
          <line num="44" count="1" type="stmt"/>
          <line num="46" count="1" type="stmt"/>
          <line num="47" count="1" type="stmt"/>
          <line num="48" count="1" type="stmt"/>
          <line num="49" count="1" type="stmt"/>
          <line num="52" count="1" type="stmt"/>
          <line num="53" count="1" type="cond" truecount="1" falsecount="1"/>
          <line num="54" count="0" type="stmt"/>
          <line num="61" count="1" type="stmt"/>
          <line num="62" count="1" type="stmt"/>
          <line num="63" count="1" type="cond" truecount="1" falsecount="1"/>
          <line num="64" count="0" type="stmt"/>
          <line num="67" count="1" type="stmt"/>
          <line num="79" count="0" type="stmt"/>
          <line num="83" count="8" type="stmt"/>
        </file>
        <file name="searchController.js" path="C:\Users\Beyhan Ildırar\OneDrive\Masaüstü\osf-final-project\src\controllers\searchController.js">
          <metrics statements="32" coveredstatements="18" conditionals="6" coveredconditionals="2" methods="1" coveredmethods="1"/>
          <line num="3" count="8" type="stmt"/>
          <line num="4" count="8" type="stmt"/>
          <line num="5" count="8" type="stmt"/>
          <line num="8" count="8" type="stmt"/>
          <line num="9" count="1" type="stmt"/>
          <line num="10" count="1" type="stmt"/>
          <line num="11" count="1" type="stmt"/>
          <line num="12" count="1" type="stmt"/>
          <line num="13" count="1" type="stmt"/>
          <line num="14" count="1" type="stmt"/>
          <line num="15" count="1" type="stmt"/>
          <line num="18" count="1" type="stmt"/>
          <line num="19" count="18" type="stmt"/>
          <line num="20" count="18" type="cond" truecount="1" falsecount="1"/>
          <line num="22" count="18" type="stmt"/>
          <line num="23" count="205" type="cond" truecount="1" falsecount="1"/>
          <line num="24" count="0" type="cond" truecount="0" falsecount="2"/>
          <line num="25" count="0" type="stmt"/>
          <line num="26" count="0" type="stmt"/>
          <line num="28" count="0" type="stmt"/>
          <line num="29" count="0" type="stmt"/>
          <line num="30" count="0" type="stmt"/>
          <line num="31" count="0" type="stmt"/>
          <line num="32" count="0" type="stmt"/>
          <line num="33" count="0" type="stmt"/>
          <line num="34" count="0" type="stmt"/>
          <line num="35" count="0" type="stmt"/>
          <line num="36" count="0" type="stmt"/>
          <line num="37" count="0" type="stmt"/>
          <line num="42" count="1" type="stmt"/>
          <line num="49" count="0" type="stmt"/>
          <line num="53" count="8" type="stmt"/>
        </file>
        <file name="wishlistController.js" path="C:\Users\Beyhan Ildırar\OneDrive\Masaüstü\osf-final-project\src\controllers\wishlistController.js">
          <metrics statements="61" coveredstatements="48" conditionals="10" coveredconditionals="5" methods="4" coveredmethods="4"/>
          <line num="1" count="8" type="stmt"/>
          <line num="2" count="8" type="stmt"/>
          <line num="3" count="8" type="stmt"/>
          <line num="11" count="8" type="stmt"/>
          <line num="14" count="8" type="stmt"/>
          <line num="15" count="1" type="stmt"/>
          <line num="16" count="1" type="stmt"/>
          <line num="17" count="1" type="stmt"/>
          <line num="18" count="1" type="stmt"/>
          <line num="19" count="1" type="stmt"/>
          <line num="20" count="1" type="stmt"/>
          <line num="21" count="1" type="cond" truecount="1" falsecount="1"/>
          <line num="22" count="0" type="stmt"/>
          <line num="28" count="1" type="stmt"/>
          <line num="29" count="1" type="stmt"/>
          <line num="36" count="0" type="stmt"/>
          <line num="41" count="8" type="stmt"/>
          <line num="42" count="1" type="stmt"/>
          <line num="43" count="1" type="stmt"/>
          <line num="44" count="1" type="stmt"/>
          <line num="45" count="1" type="stmt"/>
          <line num="46" count="1" type="stmt"/>
          <line num="48" count="1" type="stmt"/>
          <line num="49" count="1" type="stmt"/>
          <line num="50" count="1" type="cond" truecount="1" falsecount="1"/>
          <line num="51" count="0" type="stmt"/>
          <line num="59" count="0" type="stmt"/>
          <line num="64" count="1" type="stmt"/>
          <line num="71" count="1" type="stmt"/>
          <line num="72" count="1" type="cond" truecount="1" falsecount="1"/>
          <line num="73" count="0" type="stmt"/>
          <line num="77" count="0" type="stmt"/>
          <line num="82" count="1" type="stmt"/>
          <line num="90" count="1" type="stmt"/>
          <line num="92" count="0" type="stmt"/>
          <line num="97" count="8" type="stmt"/>
          <line num="98" count="1" type="stmt"/>
          <line num="99" count="1" type="stmt"/>
          <line num="100" count="1" type="stmt"/>
          <line num="101" count="1" type="stmt"/>
          <line num="107" count="1" type="stmt"/>
          <line num="108" count="1" type="cond" truecount="1" falsecount="1"/>
          <line num="109" count="0" type="stmt"/>
          <line num="113" count="0" type="stmt"/>
          <line num="116" count="1" type="stmt"/>
          <line num="125" count="1" type="stmt"/>
          <line num="127" count="0" type="stmt"/>
          <line num="132" count="8" type="stmt"/>
          <line num="133" count="1" type="stmt"/>
          <line num="134" count="1" type="stmt"/>
          <line num="135" count="1" type="stmt"/>
          <line num="136" count="1" type="stmt"/>
          <line num="137" count="1" type="stmt"/>
          <line num="144" count="1" type="stmt"/>
          <line num="145" count="1" type="cond" truecount="1" falsecount="1"/>
          <line num="146" count="1" type="stmt"/>
          <line num="150" count="1" type="stmt"/>
          <line num="152" count="0" type="stmt"/>
          <line num="161" count="0" type="stmt"/>
          <line num="163" count="0" type="stmt"/>
          <line num="167" count="8" type="stmt"/>
        </file>
      </package>
      <package name="src.exceptions">
        <metrics statements="22" coveredstatements="20" conditionals="5" coveredconditionals="2" methods="5" coveredmethods="3"/>
        <file name="BadRequestError.js" path="C:\Users\Beyhan Ildırar\OneDrive\Masaüstü\osf-final-project\src\exceptions\BadRequestError.js">
          <metrics statements="4" coveredstatements="3" conditionals="2" coveredconditionals="0" methods="1" coveredmethods="0"/>
          <line num="1" count="8" type="stmt"/>
          <line num="2" count="8" type="stmt"/>
          <line num="9" count="0" type="stmt"/>
          <line num="13" count="8" type="stmt"/>
        </file>
        <file name="BaseError.js" path="C:\Users\Beyhan Ildırar\OneDrive\Masaüstü\osf-final-project\src\exceptions\BaseError.js">
          <metrics statements="4" coveredstatements="4" conditionals="0" coveredconditionals="0" methods="1" coveredmethods="1"/>
          <line num="3" count="2" type="stmt"/>
          <line num="4" count="2" type="stmt"/>
          <line num="5" count="2" type="stmt"/>
          <line num="9" count="8" type="stmt"/>
        </file>
        <file name="LoginError.js" path="C:\Users\Beyhan Ildırar\OneDrive\Masaüstü\osf-final-project\src\exceptions\LoginError.js">
          <metrics statements="4" coveredstatements="4" conditionals="1" coveredconditionals="1" methods="1" coveredmethods="1"/>
          <line num="1" count="8" type="stmt"/>
          <line num="2" count="8" type="stmt"/>
          <line num="6" count="1" type="stmt"/>
          <line num="10" count="8" type="stmt"/>
        </file>
        <file name="RegisterError.js" path="C:\Users\Beyhan Ildırar\OneDrive\Masaüstü\osf-final-project\src\exceptions\RegisterError.js">
          <metrics statements="4" coveredstatements="4" conditionals="1" coveredconditionals="1" methods="1" coveredmethods="1"/>
          <line num="1" count="8" type="stmt"/>
          <line num="2" count="8" type="stmt"/>
          <line num="6" count="1" type="stmt"/>
          <line num="10" count="8" type="stmt"/>
        </file>
        <file name="UnauthorizedError.js" path="C:\Users\Beyhan Ildırar\OneDrive\Masaüstü\osf-final-project\src\exceptions\UnauthorizedError.js">
          <metrics statements="4" coveredstatements="3" conditionals="1" coveredconditionals="0" methods="1" coveredmethods="0"/>
          <line num="1" count="8" type="stmt"/>
          <line num="2" count="8" type="stmt"/>
          <line num="6" count="0" type="stmt"/>
          <line num="10" count="8" type="stmt"/>
        </file>
        <file name="httpStatusCodes.js" path="C:\Users\Beyhan Ildırar\OneDrive\Masaüstü\osf-final-project\src\exceptions\httpStatusCodes.js">
          <metrics statements="2" coveredstatements="2" conditionals="0" coveredconditionals="0" methods="0" coveredmethods="0"/>
          <line num="1" count="8" type="stmt"/>
          <line num="8" count="8" type="stmt"/>
        </file>
      </package>
      <package name="src.helpers">
        <metrics statements="20" coveredstatements="20" conditionals="10" coveredconditionals="8" methods="2" coveredmethods="2"/>
        <file name="checkImageExist.js" path="C:\Users\Beyhan Ildırar\OneDrive\Masaüstü\osf-final-project\src\helpers\checkImageExist.js">
          <metrics statements="6" coveredstatements="6" conditionals="4" coveredconditionals="4" methods="1" coveredmethods="1"/>
          <line num="1" count="8" type="stmt"/>
          <line num="3" count="8" type="stmt"/>
          <line num="4" count="2" type="stmt"/>
          <line num="5" count="7" type="cond" truecount="4" falsecount="0"/>
          <line num="6" count="1" type="stmt"/>
          <line num="11" count="8" type="stmt"/>
        </file>
        <file name="findParentName.js" path="C:\Users\Beyhan Ildırar\OneDrive\Masaüstü\osf-final-project\src\helpers\findParentName.js">
          <metrics statements="14" coveredstatements="14" conditionals="6" coveredconditionals="4" methods="1" coveredmethods="1"/>
          <line num="1" count="8" type="stmt"/>
          <line num="2" count="3" type="stmt"/>
          <line num="3" count="3" type="cond" truecount="2" falsecount="0"/>
          <line num="4" count="1" type="stmt"/>
          <line num="5" count="1" type="stmt"/>
          <line num="6" count="1" type="stmt"/>
          <line num="8" count="2" type="stmt"/>
          <line num="9" count="2" type="stmt"/>
          <line num="10" count="2" type="stmt"/>
          <line num="12" count="2" type="cond" truecount="1" falsecount="1"/>
          <line num="13" count="2" type="stmt"/>
          <line num="14" count="2" type="cond" truecount="1" falsecount="1"/>
          <line num="19" count="3" type="stmt"/>
          <line num="22" count="8" type="stmt"/>
        </file>
      </package>
      <package name="src.middleware">
        <metrics statements="29" coveredstatements="21" conditionals="9" coveredconditionals="4" methods="3" coveredmethods="3"/>
        <file name="authCheck.js" path="C:\Users\Beyhan Ildırar\OneDrive\Masaüstü\osf-final-project\src\middleware\authCheck.js">
          <metrics statements="8" coveredstatements="7" conditionals="2" coveredconditionals="1" methods="1" coveredmethods="1"/>
          <line num="1" count="8" type="stmt"/>
          <line num="3" count="8" type="stmt"/>
          <line num="4" count="9" type="stmt"/>
          <line num="5" count="9" type="stmt"/>
          <line num="6" count="9" type="cond" truecount="1" falsecount="1"/>
          <line num="7" count="9" type="stmt"/>
          <line num="9" count="0" type="stmt"/>
          <line num="13" count="8" type="stmt"/>
        </file>
        <file name="error.js" path="C:\Users\Beyhan Ildırar\OneDrive\Masaüstü\osf-final-project\src\middleware\error.js">
          <metrics statements="3" coveredstatements="3" conditionals="0" coveredconditionals="0" methods="1" coveredmethods="1"/>
          <line num="1" count="8" type="stmt"/>
          <line num="2" count="1" type="stmt"/>
          <line num="5" count="8" type="stmt"/>
        </file>
        <file name="errorHandler.js" path="C:\Users\Beyhan Ildırar\OneDrive\Masaüstü\osf-final-project\src\middleware\errorHandler.js">
          <metrics statements="18" coveredstatements="11" conditionals="7" coveredconditionals="3" methods="1" coveredmethods="1"/>
          <line num="1" count="8" type="stmt"/>
          <line num="3" count="8" type="stmt"/>
          <line num="5" count="2" type="cond" truecount="1" falsecount="1"/>
          <line num="6" count="2" type="stmt"/>
          <line num="7" count="2" type="cond" truecount="2" falsecount="3"/>
          <line num="9" count="1" type="stmt"/>
          <line num="10" count="1" type="stmt"/>
          <line num="12" count="1" type="stmt"/>
          <line num="13" count="1" type="stmt"/>
          <line num="15" count="0" type="stmt"/>
          <line num="16" count="0" type="stmt"/>
          <line num="18" count="0" type="stmt"/>
          <line num="19" count="0" type="stmt"/>
          <line num="21" count="0" type="stmt"/>
          <line num="22" count="0" type="stmt"/>
          <line num="23" count="0" type="stmt"/>
          <line num="25" count="2" type="stmt"/>
          <line num="28" count="8" type="stmt"/>
        </file>
      </package>
      <package name="src.routes">
        <metrics statements="67" coveredstatements="67" conditionals="0" coveredconditionals="0" methods="1" coveredmethods="1"/>
        <file name="authRoute.js" path="C:\Users\Beyhan Ildırar\OneDrive\Masaüstü\osf-final-project\src\routes\authRoute.js">
          <metrics statements="9" coveredstatements="9" conditionals="0" coveredconditionals="0" methods="0" coveredmethods="0"/>
          <line num="1" count="8" type="stmt"/>
          <line num="2" count="8" type="stmt"/>
          <line num="3" count="8" type="stmt"/>
          <line num="5" count="8" type="stmt"/>
          <line num="7" count="8" type="stmt"/>
          <line num="8" count="8" type="stmt"/>
          <line num="9" count="8" type="stmt"/>
          <line num="10" count="8" type="stmt"/>
          <line num="12" count="8" type="stmt"/>
        </file>
        <file name="cartRoute.js" path="C:\Users\Beyhan Ildırar\OneDrive\Masaüstü\osf-final-project\src\routes\cartRoute.js">
          <metrics statements="9" coveredstatements="9" conditionals="0" coveredconditionals="0" methods="0" coveredmethods="0"/>
          <line num="1" count="8" type="stmt"/>
          <line num="7" count="8" type="stmt"/>
          <line num="8" count="8" type="stmt"/>
          <line num="10" count="8" type="stmt"/>
          <line num="12" count="8" type="stmt"/>
          <line num="13" count="8" type="stmt"/>
          <line num="18" count="8" type="stmt"/>
          <line num="23" count="8" type="stmt"/>
          <line num="29" count="8" type="stmt"/>
        </file>
        <file name="categoryRoute.js" path="C:\Users\Beyhan Ildırar\OneDrive\Masaüstü\osf-final-project\src\routes\categoryRoute.js">
          <metrics statements="6" coveredstatements="6" conditionals="0" coveredconditionals="0" methods="0" coveredmethods="0"/>
          <line num="1" count="8" type="stmt"/>
          <line num="2" count="8" type="stmt"/>
          <line num="4" count="8" type="stmt"/>
          <line num="6" count="8" type="stmt"/>
          <line num="7" count="8" type="stmt"/>
          <line num="12" count="8" type="stmt"/>
        </file>
        <file name="orderRoute.js" path="C:\Users\Beyhan Ildırar\OneDrive\Masaüstü\osf-final-project\src\routes\orderRoute.js">
          <metrics statements="7" coveredstatements="7" conditionals="0" coveredconditionals="0" methods="0" coveredmethods="0"/>
          <line num="1" count="8" type="stmt"/>
          <line num="2" count="8" type="stmt"/>
          <line num="3" count="8" type="stmt"/>
          <line num="4" count="8" type="stmt"/>
          <line num="6" count="8" type="stmt"/>
          <line num="7" count="8" type="stmt"/>
          <line num="9" count="8" type="stmt"/>
        </file>
        <file name="pageRoute.js" path="C:\Users\Beyhan Ildırar\OneDrive\Masaüstü\osf-final-project\src\routes\pageRoute.js">
          <metrics statements="7" coveredstatements="7" conditionals="0" coveredconditionals="0" methods="0" coveredmethods="0"/>
          <line num="1" count="8" type="stmt"/>
          <line num="2" count="8" type="stmt"/>
          <line num="4" count="8" type="stmt"/>
          <line num="6" count="8" type="stmt"/>
          <line num="7" count="8" type="stmt"/>
          <line num="8" count="8" type="stmt"/>
          <line num="10" count="8" type="stmt"/>
        </file>
        <file name="productRoute.js" path="C:\Users\Beyhan Ildırar\OneDrive\Masaüstü\osf-final-project\src\routes\productRoute.js">
          <metrics statements="6" coveredstatements="6" conditionals="0" coveredconditionals="0" methods="0" coveredmethods="0"/>
          <line num="1" count="8" type="stmt"/>
          <line num="2" count="8" type="stmt"/>
          <line num="4" count="8" type="stmt"/>
          <line num="6" count="8" type="stmt"/>
          <line num="7" count="8" type="stmt"/>
          <line num="9" count="8" type="stmt"/>
        </file>
        <file name="searchRoute.js" path="C:\Users\Beyhan Ildırar\OneDrive\Masaüstü\osf-final-project\src\routes\searchRoute.js">
          <metrics statements="5" coveredstatements="5" conditionals="0" coveredconditionals="0" methods="0" coveredmethods="0"/>
          <line num="1" count="8" type="stmt"/>
          <line num="2" count="8" type="stmt"/>
          <line num="4" count="8" type="stmt"/>
          <line num="6" count="8" type="stmt"/>
          <line num="8" count="8" type="stmt"/>
        </file>
        <file name="server.js" path="C:\Users\Beyhan Ildırar\OneDrive\Masaüstü\osf-final-project\src\routes\server.js">
          <metrics statements="9" coveredstatements="9" conditionals="0" coveredconditionals="0" methods="1" coveredmethods="1"/>
          <line num="1" count="8" type="stmt"/>
          <line num="2" count="8" type="stmt"/>
          <line num="3" count="8" type="stmt"/>
          <line num="4" count="8" type="stmt"/>
          <line num="5" count="8" type="stmt"/>
          <line num="6" count="8" type="stmt"/>
          <line num="7" count="8" type="stmt"/>
          <line num="8" count="8" type="stmt"/>
          <line num="9" count="8" type="stmt"/>
        </file>
        <file name="wishlistRoute.js" path="C:\Users\Beyhan Ildırar\OneDrive\Masaüstü\osf-final-project\src\routes\wishlistRoute.js">
          <metrics statements="9" coveredstatements="9" conditionals="0" coveredconditionals="0" methods="0" coveredmethods="0"/>
          <line num="1" count="8" type="stmt"/>
          <line num="7" count="8" type="stmt"/>
          <line num="8" count="8" type="stmt"/>
          <line num="10" count="8" type="stmt"/>
          <line num="12" count="8" type="stmt"/>
          <line num="13" count="8" type="stmt"/>
          <line num="18" count="8" type="stmt"/>
          <line num="23" count="8" type="stmt"/>
          <line num="29" count="8" type="stmt"/>
        </file>
      </package>
      <package name="src.services">
        <metrics statements="201" coveredstatements="189" conditionals="25" coveredconditionals="20" methods="41" coveredmethods="41"/>
        <file name="AuthService.js" path="C:\Users\Beyhan Ildırar\OneDrive\Masaüstü\osf-final-project\src\services\AuthService.js">
          <metrics statements="7" coveredstatements="7" conditionals="0" coveredconditionals="0" methods="2" coveredmethods="2"/>
          <line num="1" count="8" type="stmt"/>
          <line num="2" count="8" type="stmt"/>
          <line num="5" count="8" type="stmt"/>
          <line num="6" count="2" type="stmt"/>
          <line num="10" count="8" type="stmt"/>
          <line num="11" count="5" type="stmt"/>
          <line num="14" count="8" type="stmt"/>
        </file>
        <file name="CartService.js" path="C:\Users\Beyhan Ildırar\OneDrive\Masaüstü\osf-final-project\src\services\CartService.js">
          <metrics statements="58" coveredstatements="54" conditionals="6" coveredconditionals="4" methods="9" coveredmethods="9"/>
          <line num="1" count="8" type="stmt"/>
          <line num="2" count="8" type="stmt"/>
          <line num="3" count="8" type="stmt"/>
          <line num="6" count="8" type="stmt"/>
          <line num="7" count="5" type="stmt"/>
          <line num="8" count="5" type="stmt"/>
          <line num="16" count="5" type="stmt"/>
          <line num="18" count="0" type="stmt"/>
          <line num="23" count="8" type="stmt"/>
          <line num="24" count="2" type="stmt"/>
          <line num="25" count="2" type="stmt"/>
          <line num="26" count="2" type="stmt"/>
          <line num="27" count="2" type="stmt"/>
          <line num="28" count="2" type="stmt"/>
          <line num="29" count="2" type="stmt"/>
          <line num="30" count="2" type="stmt"/>
          <line num="31" count="2" type="stmt"/>
          <line num="32" count="2" type="stmt"/>
          <line num="33" count="2" type="stmt"/>
          <line num="34" count="2" type="stmt"/>
          <line num="38" count="2" type="stmt"/>
          <line num="39" count="2" type="stmt"/>
          <line num="42" count="2" type="stmt"/>
          <line num="46" count="8" type="stmt"/>
          <line num="47" count="2" type="stmt"/>
          <line num="48" count="2" type="stmt"/>
          <line num="49" count="2" type="stmt"/>
          <line num="50" count="4" type="cond" truecount="1" falsecount="1"/>
          <line num="51" count="4" type="stmt"/>
          <line num="52" count="16" type="cond" truecount="2" falsecount="0"/>
          <line num="53" count="4" type="stmt"/>
          <line num="59" count="2" type="stmt"/>
          <line num="63" count="8" type="stmt"/>
          <line num="64" count="3" type="stmt"/>
          <line num="65" count="3" type="stmt"/>
          <line num="74" count="3" type="stmt"/>
          <line num="76" count="0" type="stmt"/>
          <line num="81" count="8" type="stmt"/>
          <line num="82" count="2" type="stmt"/>
          <line num="83" count="2" type="stmt"/>
          <line num="92" count="1" type="stmt"/>
          <line num="94" count="1" type="stmt"/>
          <line num="99" count="8" type="stmt"/>
          <line num="100" count="2" type="stmt"/>
          <line num="101" count="2" type="stmt"/>
          <line num="110" count="0" type="stmt"/>
          <line num="112" count="2" type="stmt"/>
          <line num="117" count="8" type="stmt"/>
          <line num="118" count="1" type="stmt"/>
          <line num="119" count="1" type="cond" truecount="1" falsecount="1"/>
          <line num="120" count="0" type="stmt"/>
          <line num="122" count="1" type="stmt"/>
          <line num="125" count="8" type="stmt"/>
          <line num="126" count="1" type="stmt"/>
          <line num="127" count="1" type="stmt"/>
          <line num="128" count="1" type="stmt"/>
          <line num="130" count="1" type="stmt"/>
          <line num="133" count="8" type="stmt"/>
        </file>
        <file name="CategoryService.js" path="C:\Users\Beyhan Ildırar\OneDrive\Masaüstü\osf-final-project\src\services\CategoryService.js">
          <metrics statements="9" coveredstatements="9" conditionals="0" coveredconditionals="0" methods="3" coveredmethods="3"/>
          <line num="1" count="8" type="stmt"/>
          <line num="2" count="8" type="stmt"/>
          <line num="5" count="8" type="stmt"/>
          <line num="6" count="2" type="stmt"/>
          <line num="12" count="8" type="stmt"/>
          <line num="13" count="12" type="stmt"/>
          <line num="19" count="8" type="stmt"/>
          <line num="20" count="7" type="stmt"/>
          <line num="25" count="8" type="stmt"/>
        </file>
        <file name="DataService.js" path="C:\Users\Beyhan Ildırar\OneDrive\Masaüstü\osf-final-project\src\services\DataService.js">
          <metrics statements="10" coveredstatements="10" conditionals="1" coveredconditionals="1" methods="2" coveredmethods="2"/>
          <line num="1" count="8" type="stmt"/>
          <line num="5" count="49" type="stmt"/>
          <line num="6" count="49" type="stmt"/>
          <line num="12" count="48" type="stmt"/>
          <line num="14" count="1" type="stmt"/>
          <line num="20" count="7" type="stmt"/>
          <line num="21" count="7" type="stmt"/>
          <line num="27" count="5" type="stmt"/>
          <line num="29" count="2" type="stmt"/>
          <line num="33" count="8" type="stmt"/>
        </file>
        <file name="OrderService.js" path="C:\Users\Beyhan Ildırar\OneDrive\Masaüstü\osf-final-project\src\services\OrderService.js">
          <metrics statements="18" coveredstatements="16" conditionals="0" coveredconditionals="0" methods="3" coveredmethods="3"/>
          <line num="1" count="8" type="stmt"/>
          <line num="2" count="8" type="stmt"/>
          <line num="3" count="8" type="stmt"/>
          <line num="6" count="8" type="stmt"/>
          <line num="7" count="2" type="stmt"/>
          <line num="8" count="2" type="stmt"/>
          <line num="16" count="2" type="stmt"/>
          <line num="18" count="0" type="stmt"/>
          <line num="23" count="8" type="stmt"/>
          <line num="24" count="2" type="stmt"/>
          <line num="25" count="2" type="stmt"/>
          <line num="34" count="2" type="stmt"/>
          <line num="36" count="0" type="stmt"/>
          <line num="41" count="8" type="stmt"/>
          <line num="42" count="2" type="stmt"/>
          <line num="43" count="2" type="stmt"/>
          <line num="44" count="2" type="stmt"/>
          <line num="47" count="8" type="stmt"/>
        </file>
        <file name="ProductService.js" path="C:\Users\Beyhan Ildırar\OneDrive\Masaüstü\osf-final-project\src\services\ProductService.js">
          <metrics statements="24" coveredstatements="24" conditionals="8" coveredconditionals="7" methods="8" coveredmethods="8"/>
          <line num="1" count="8" type="stmt"/>
          <line num="2" count="8" type="stmt"/>
          <line num="3" count="8" type="stmt"/>
          <line num="6" count="8" type="stmt"/>
          <line num="7" count="20" type="stmt"/>
          <line num="13" count="8" type="stmt"/>
          <line num="14" count="8" type="stmt"/>
          <line num="22" count="8" type="stmt"/>
          <line num="23" count="4" type="stmt"/>
          <line num="24" count="104" type="cond" truecount="2" falsecount="0"/>
          <line num="27" count="4" type="cond" truecount="2" falsecount="0"/>
          <line num="28" count="4" type="stmt"/>
          <line num="32" count="8" type="stmt"/>
          <line num="37" count="1" type="cond" truecount="1" falsecount="1"/>
          <line num="38" count="1" type="stmt"/>
          <line num="41" count="1" type="stmt"/>
          <line num="42" count="1" type="stmt"/>
          <line num="46" count="1" type="stmt"/>
          <line num="50" count="8" type="stmt"/>
          <line num="51" count="2" type="stmt"/>
          <line num="53" count="20" type="cond" truecount="2" falsecount="0"/>
          <line num="54" count="5" type="stmt"/>
          <line num="57" count="4" type="stmt"/>
          <line num="60" count="8" type="stmt"/>
        </file>
        <file name="SearchService.js" path="C:\Users\Beyhan Ildırar\OneDrive\Masaüstü\osf-final-project\src\services\SearchService.js">
          <metrics statements="12" coveredstatements="12" conditionals="2" coveredconditionals="2" methods="5" coveredmethods="5"/>
          <line num="1" count="8" type="stmt"/>
          <line num="4" count="8" type="stmt"/>
          <line num="5" count="2" type="stmt"/>
          <line num="6" count="52" type="stmt"/>
          <line num="8" count="52" type="stmt"/>
          <line num="9" count="2" type="stmt"/>
          <line num="10" count="2" type="stmt"/>
          <line num="11" count="52" type="cond" truecount="2" falsecount="0"/>
          <line num="13" count="2" type="stmt"/>
          <line num="14" count="16" type="stmt"/>
          <line num="16" count="2" type="stmt"/>
          <line num="19" count="8" type="stmt"/>
        </file>
        <file name="wishlistService.js" path="C:\Users\Beyhan Ildırar\OneDrive\Masaüstü\osf-final-project\src\services\wishlistService.js">
          <metrics statements="63" coveredstatements="57" conditionals="8" coveredconditionals="6" methods="9" coveredmethods="9"/>
          <line num="1" count="8" type="stmt"/>
          <line num="2" count="8" type="stmt"/>
          <line num="3" count="8" type="stmt"/>
          <line num="6" count="8" type="stmt"/>
          <line num="7" count="4" type="stmt"/>
          <line num="8" count="4" type="stmt"/>
          <line num="16" count="4" type="stmt"/>
          <line num="18" count="0" type="stmt"/>
          <line num="23" count="8" type="stmt"/>
          <line num="24" count="2" type="stmt"/>
          <line num="25" count="2" type="stmt"/>
          <line num="26" count="2" type="stmt"/>
          <line num="27" count="2" type="stmt"/>
          <line num="28" count="2" type="stmt"/>
          <line num="29" count="2" type="stmt"/>
          <line num="30" count="2" type="stmt"/>
          <line num="31" count="2" type="stmt"/>
          <line num="32" count="2" type="stmt"/>
          <line num="33" count="2" type="stmt"/>
          <line num="34" count="2" type="stmt"/>
          <line num="38" count="2" type="stmt"/>
          <line num="39" count="2" type="stmt"/>
          <line num="42" count="2" type="stmt"/>
          <line num="46" count="8" type="stmt"/>
          <line num="47" count="3" type="stmt"/>
          <line num="48" count="3" type="stmt"/>
          <line num="49" count="3" type="stmt"/>
          <line num="50" count="6" type="cond" truecount="1" falsecount="1"/>
          <line num="51" count="6" type="stmt"/>
          <line num="52" count="28" type="cond" truecount="2" falsecount="0"/>
          <line num="53" count="6" type="stmt"/>
          <line num="59" count="3" type="stmt"/>
          <line num="63" count="8" type="stmt"/>
          <line num="64" count="2" type="stmt"/>
          <line num="65" count="2" type="stmt"/>
          <line num="74" count="2" type="stmt"/>
          <line num="76" count="0" type="stmt"/>
          <line num="81" count="8" type="stmt"/>
          <line num="82" count="2" type="stmt"/>
          <line num="83" count="2" type="stmt"/>
          <line num="84" count="2" type="stmt"/>
          <line num="88" count="8" type="stmt"/>
          <line num="89" count="1" type="stmt"/>
          <line num="91" count="1" type="stmt"/>
          <line num="92" count="7" type="cond" truecount="2" falsecount="0"/>
          <line num="93" count="1" type="stmt"/>
          <line num="96" count="0" type="stmt"/>
          <line num="100" count="8" type="stmt"/>
          <line num="101" count="2" type="stmt"/>
          <line num="102" count="2" type="stmt"/>
          <line num="111" count="2" type="stmt"/>
          <line num="113" count="0" type="stmt"/>
          <line num="118" count="8" type="stmt"/>
          <line num="119" count="2" type="stmt"/>
          <line num="120" count="2" type="stmt"/>
          <line num="129" count="0" type="stmt"/>
          <line num="131" count="2" type="stmt"/>
          <line num="136" count="8" type="stmt"/>
          <line num="137" count="1" type="stmt"/>
          <line num="138" count="1" type="cond" truecount="1" falsecount="1"/>
          <line num="139" count="0" type="stmt"/>
          <line num="141" count="1" type="stmt"/>
          <line num="144" count="8" type="stmt"/>
        </file>
      </package>
      <package name="testData">
        <metrics statements="2" coveredstatements="2" conditionals="0" coveredconditionals="0" methods="0" coveredmethods="0"/>
        <file name="data.js" path="C:\Users\Beyhan Ildırar\OneDrive\Masaüstü\osf-final-project\testData\data.js">
          <metrics statements="2" coveredstatements="2" conditionals="0" coveredconditionals="0" methods="0" coveredmethods="0"/>
          <line num="1" count="5" type="stmt"/>
          <line num="489" count="5" type="stmt"/>
        </file>
      </package>
    </metrics>
  </project>
</coverage>
