{"C:\\Users\\Beyhan Ildırar\\OneDrive\\Masaüstü\\osf-final-project\\src\\app.js": {"path":"C:\\Users\\Beyhan Ildırar\\OneDrive\\Masaüstü\\osf-final-project\\src\\app.js","statementMap":{"0":{"start":{"line":1,"column":16},"end":{"line":1,"column":34}},"1":{"start":{"line":2,"column":15},"end":{"line":2,"column":32}},"2":{"start":{"line":3,"column":15},"end":{"line":3,"column":34}},"3":{"start":{"line":4,"column":21},"end":{"line":4,"column":45}},"4":{"start":{"line":5,"column":23},"end":{"line":5,"column":49}},"5":{"start":{"line":6,"column":28},"end":{"line":6,"column":57}},"6":{"start":{"line":7,"column":25},"end":{"line":7,"column":61}},"7":{"start":{"line":8,"column":15},"end":{"line":8,"column":38}},"8":{"start":{"line":9,"column":16},"end":{"line":9,"column":42}},"9":{"start":{"line":11,"column":0},"end":{"line":11,"column":16}},"10":{"start":{"line":14,"column":12},"end":{"line":14,"column":21}},"11":{"start":{"line":17,"column":0},"end":{"line":27,"column":3}},"12":{"start":{"line":29,"column":20},"end":{"line":32,"column":2}},"13":{"start":{"line":34,"column":0},"end":{"line":36,"column":3}},"14":{"start":{"line":35,"column":4},"end":{"line":35,"column":31}},"15":{"start":{"line":39,"column":0},"end":{"line":39,"column":30}},"16":{"start":{"line":41,"column":0},"end":{"line":41,"column":42}},"17":{"start":{"line":42,"column":0},"end":{"line":42,"column":42}},"18":{"start":{"line":43,"column":0},"end":{"line":43,"column":24}},"19":{"start":{"line":44,"column":0},"end":{"line":44,"column":34}},"20":{"start":{"line":45,"column":0},"end":{"line":45,"column":24}},"21":{"start":{"line":46,"column":0},"end":{"line":46,"column":48}},"22":{"start":{"line":47,"column":0},"end":{"line":47,"column":65}},"23":{"start":{"line":50,"column":0},"end":{"line":50,"column":21}},"24":{"start":{"line":52,"column":0},"end":{"line":57,"column":3}},"25":{"start":{"line":53,"column":4},"end":{"line":53,"column":36}},"26":{"start":{"line":54,"column":4},"end":{"line":54,"column":39}},"27":{"start":{"line":55,"column":4},"end":{"line":55,"column":30}},"28":{"start":{"line":56,"column":4},"end":{"line":56,"column":11}},"29":{"start":{"line":60,"column":0},"end":{"line":60,"column":55}},"30":{"start":{"line":60,"column":38},"end":{"line":60,"column":53}},"31":{"start":{"line":63,"column":0},"end":{"line":63,"column":32}},"32":{"start":{"line":66,"column":0},"end":{"line":66,"column":40}},"33":{"start":{"line":67,"column":0},"end":{"line":67,"column":22}},"34":{"start":{"line":68,"column":0},"end":{"line":68,"column":25}},"35":{"start":{"line":70,"column":0},"end":{"line":70,"column":21}}},"fnMap":{"0":{"name":"(anonymous_0)","decl":{"start":{"line":34,"column":22},"end":{"line":34,"column":23}},"loc":{"start":{"line":34,"column":33},"end":{"line":36,"column":1}},"line":34},"1":{"name":"(anonymous_1)","decl":{"start":{"line":52,"column":13},"end":{"line":52,"column":14}},"loc":{"start":{"line":52,"column":33},"end":{"line":57,"column":1}},"line":52},"2":{"name":"(anonymous_2)","decl":{"start":{"line":60,"column":24},"end":{"line":60,"column":25}},"loc":{"start":{"line":60,"column":38},"end":{"line":60,"column":53}},"line":60}},"branchMap":{},"s":{"0":8,"1":8,"2":8,"3":8,"4":8,"5":8,"6":8,"7":8,"8":8,"9":8,"10":8,"11":8,"12":8,"13":8,"14":8,"15":8,"16":8,"17":8,"18":8,"19":8,"20":8,"21":8,"22":8,"23":8,"24":8,"25":20,"26":20,"27":20,"28":20,"29":8,"30":0,"31":8,"32":8,"33":8,"34":8,"35":8},"f":{"0":8,"1":20,"2":0},"b":{},"_coverageSchema":"332fd63041d2c1bcb487cc26dd0d5f7d97098a6c","hash":"2dd74179d551a2c25c15fdbc8285ad2ea70d57ba"}
,"C:\\Users\\Beyhan Ildırar\\OneDrive\\Masaüstü\\osf-final-project\\src\\config.js": {"path":"C:\\Users\\Beyhan Ildırar\\OneDrive\\Masaüstü\\osf-final-project\\src\\config.js","statementMap":{"0":{"start":{"line":1,"column":15},"end":{"line":1,"column":32}},"1":{"start":{"line":2,"column":0},"end":{"line":2,"column":16}},"2":{"start":{"line":4,"column":15},"end":{"line":15,"column":1}},"3":{"start":{"line":17,"column":0},"end":{"line":17,"column":24}}},"fnMap":{},"branchMap":{"0":{"loc":{"start":{"line":6,"column":14},"end":{"line":6,"column":48}},"type":"binary-expr","locations":[{"start":{"line":6,"column":14},"end":{"line":6,"column":40}},{"start":{"line":6,"column":44},"end":{"line":6,"column":48}}],"line":6}},"s":{"0":8,"1":8,"2":8,"3":8},"f":{},"b":{"0":[8,0]},"_coverageSchema":"332fd63041d2c1bcb487cc26dd0d5f7d97098a6c","hash":"6d6d4c5f1792180b17f0d763f9a2e2a345f4b215"}
,"C:\\Users\\Beyhan Ildırar\\OneDrive\\Masaüstü\\osf-final-project\\src\\controllers\\authController.js": {"path":"C:\\Users\\Beyhan Ildırar\\OneDrive\\Masaüstü\\osf-final-project\\src\\controllers\\authController.js","statementMap":{"0":{"start":{"line":1,"column":15},"end":{"line":1,"column":35}},"1":{"start":{"line":2,"column":22},"end":{"line":2,"column":60}},"2":{"start":{"line":3,"column":19},"end":{"line":3,"column":54}},"3":{"start":{"line":4,"column":15},"end":{"line":4,"column":32}},"4":{"start":{"line":5,"column":42},"end":{"line":5,"column":76}},"5":{"start":{"line":6,"column":36},"end":{"line":6,"column":74}},"6":{"start":{"line":7,"column":31},"end":{"line":7,"column":69}},"7":{"start":{"line":8,"column":31},"end":{"line":8,"column":65}},"8":{"start":{"line":11,"column":17},"end":{"line":43,"column":1}},"9":{"start":{"line":12,"column":38},"end":{"line":12,"column":46}},"10":{"start":{"line":14,"column":4},"end":{"line":42,"column":5}},"11":{"start":{"line":15,"column":8},"end":{"line":19,"column":9}},"12":{"start":{"line":16,"column":12},"end":{"line":18,"column":14}},"13":{"start":{"line":20,"column":21},"end":{"line":25,"column":9}},"14":{"start":{"line":26,"column":29},"end":{"line":26,"column":56}},"15":{"start":{"line":27,"column":8},"end":{"line":39,"column":9}},"16":{"start":{"line":28,"column":12},"end":{"line":28,"column":56}},"17":{"start":{"line":30,"column":12},"end":{"line":37,"column":14}},"18":{"start":{"line":38,"column":12},"end":{"line":38,"column":35}},"19":{"start":{"line":41,"column":8},"end":{"line":41,"column":20}},"20":{"start":{"line":46,"column":14},"end":{"line":79,"column":1}},"21":{"start":{"line":47,"column":32},"end":{"line":47,"column":40}},"22":{"start":{"line":48,"column":4},"end":{"line":78,"column":5}},"23":{"start":{"line":49,"column":21},"end":{"line":53,"column":9}},"24":{"start":{"line":54,"column":29},"end":{"line":54,"column":53}},"25":{"start":{"line":55,"column":8},"end":{"line":75,"column":9}},"26":{"start":{"line":56,"column":12},"end":{"line":56,"column":53}},"27":{"start":{"line":58,"column":12},"end":{"line":61,"column":15}},"28":{"start":{"line":62,"column":12},"end":{"line":73,"column":14}},"29":{"start":{"line":74,"column":12},"end":{"line":74,"column":30}},"30":{"start":{"line":77,"column":8},"end":{"line":77,"column":20}},"31":{"start":{"line":82,"column":15},"end":{"line":93,"column":1}},"32":{"start":{"line":83,"column":4},"end":{"line":92,"column":5}},"33":{"start":{"line":84,"column":8},"end":{"line":86,"column":9}},"34":{"start":{"line":85,"column":12},"end":{"line":85,"column":37}},"35":{"start":{"line":87,"column":8},"end":{"line":87,"column":32}},"36":{"start":{"line":88,"column":8},"end":{"line":88,"column":33}},"37":{"start":{"line":89,"column":8},"end":{"line":89,"column":38}},"38":{"start":{"line":91,"column":8},"end":{"line":91,"column":20}},"39":{"start":{"line":96,"column":19},"end":{"line":114,"column":1}},"40":{"start":{"line":97,"column":18},"end":{"line":97,"column":35}},"41":{"start":{"line":98,"column":17},"end":{"line":98,"column":33}},"42":{"start":{"line":99,"column":4},"end":{"line":113,"column":5}},"43":{"start":{"line":100,"column":22},"end":{"line":100,"column":59}},"44":{"start":{"line":101,"column":8},"end":{"line":101,"column":76}},"45":{"start":{"line":102,"column":35},"end":{"line":102,"column":66}},"46":{"start":{"line":103,"column":35},"end":{"line":103,"column":66}},"47":{"start":{"line":105,"column":8},"end":{"line":110,"column":11}},"48":{"start":{"line":112,"column":8},"end":{"line":112,"column":20}},"49":{"start":{"line":116,"column":0},"end":{"line":116,"column":57}}},"fnMap":{"0":{"name":"(anonymous_0)","decl":{"start":{"line":11,"column":17},"end":{"line":11,"column":18}},"loc":{"start":{"line":11,"column":43},"end":{"line":43,"column":1}},"line":11},"1":{"name":"(anonymous_1)","decl":{"start":{"line":46,"column":14},"end":{"line":46,"column":15}},"loc":{"start":{"line":46,"column":40},"end":{"line":79,"column":1}},"line":46},"2":{"name":"(anonymous_2)","decl":{"start":{"line":82,"column":15},"end":{"line":82,"column":16}},"loc":{"start":{"line":82,"column":29},"end":{"line":93,"column":1}},"line":82},"3":{"name":"(anonymous_3)","decl":{"start":{"line":96,"column":19},"end":{"line":96,"column":20}},"loc":{"start":{"line":96,"column":45},"end":{"line":114,"column":1}},"line":96}},"branchMap":{"0":{"loc":{"start":{"line":15,"column":8},"end":{"line":19,"column":9}},"type":"if","locations":[{"start":{"line":15,"column":8},"end":{"line":19,"column":9}},{"start":{"line":15,"column":8},"end":{"line":19,"column":9}}],"line":15},"1":{"loc":{"start":{"line":27,"column":8},"end":{"line":39,"column":9}},"type":"if","locations":[{"start":{"line":27,"column":8},"end":{"line":39,"column":9}},{"start":{"line":27,"column":8},"end":{"line":39,"column":9}}],"line":27},"2":{"loc":{"start":{"line":55,"column":8},"end":{"line":75,"column":9}},"type":"if","locations":[{"start":{"line":55,"column":8},"end":{"line":75,"column":9}},{"start":{"line":55,"column":8},"end":{"line":75,"column":9}}],"line":55},"3":{"loc":{"start":{"line":84,"column":8},"end":{"line":86,"column":9}},"type":"if","locations":[{"start":{"line":84,"column":8},"end":{"line":86,"column":9}},{"start":{"line":84,"column":8},"end":{"line":86,"column":9}}],"line":84},"4":{"loc":{"start":{"line":84,"column":12},"end":{"line":84,"column":51}},"type":"binary-expr","locations":[{"start":{"line":84,"column":12},"end":{"line":84,"column":29}},{"start":{"line":84,"column":33},"end":{"line":84,"column":51}}],"line":84}},"s":{"0":8,"1":8,"2":8,"3":8,"4":8,"5":8,"6":8,"7":8,"8":8,"9":2,"10":2,"11":2,"12":0,"13":2,"14":2,"15":2,"16":1,"17":1,"18":1,"19":1,"20":8,"21":2,"22":2,"23":2,"24":2,"25":2,"26":1,"27":1,"28":1,"29":1,"30":1,"31":8,"32":0,"33":0,"34":0,"35":0,"36":0,"37":0,"38":0,"39":8,"40":0,"41":0,"42":0,"43":0,"44":0,"45":0,"46":0,"47":0,"48":0,"49":8},"f":{"0":2,"1":2,"2":0,"3":0},"b":{"0":[0,2],"1":[1,1],"2":[1,1],"3":[0,0],"4":[0,0]},"_coverageSchema":"332fd63041d2c1bcb487cc26dd0d5f7d97098a6c","hash":"ea1c82ec526f91945031d01b76537ce916eecbc9"}
,"C:\\Users\\Beyhan Ildırar\\OneDrive\\Masaüstü\\osf-final-project\\src\\controllers\\cartController.js": {"path":"C:\\Users\\Beyhan Ildırar\\OneDrive\\Masaüstü\\osf-final-project\\src\\controllers\\cartController.js","statementMap":{"0":{"start":{"line":1,"column":15},"end":{"line":1,"column":35}},"1":{"start":{"line":2,"column":36},"end":{"line":2,"column":74}},"2":{"start":{"line":10,"column":4},"end":{"line":10,"column":38}},"3":{"start":{"line":14,"column":4},"end":{"line":14,"column":42}},"4":{"start":{"line":17,"column":16},"end":{"line":44,"column":1}},"5":{"start":{"line":18,"column":25},"end":{"line":18,"column":49}},"6":{"start":{"line":19,"column":28},"end":{"line":19,"column":55}},"7":{"start":{"line":20,"column":18},"end":{"line":20,"column":35}},"8":{"start":{"line":21,"column":4},"end":{"line":43,"column":5}},"9":{"start":{"line":22,"column":22},"end":{"line":22,"column":59}},"10":{"start":{"line":23,"column":25},"end":{"line":23,"column":52}},"11":{"start":{"line":24,"column":8},"end":{"line":30,"column":9}},"12":{"start":{"line":25,"column":12},"end":{"line":29,"column":15}},"13":{"start":{"line":31,"column":29},"end":{"line":31,"column":66}},"14":{"start":{"line":32,"column":27},"end":{"line":32,"column":66}},"15":{"start":{"line":34,"column":8},"end":{"line":40,"column":11}},"16":{"start":{"line":42,"column":8},"end":{"line":42,"column":20}},"17":{"start":{"line":47,"column":22},"end":{"line":110,"column":1}},"18":{"start":{"line":48,"column":18},"end":{"line":48,"column":35}},"19":{"start":{"line":49,"column":50},"end":{"line":49,"column":60}},"20":{"start":{"line":50,"column":21},"end":{"line":50,"column":38}},"21":{"start":{"line":51,"column":18},"end":{"line":51,"column":26}},"22":{"start":{"line":52,"column":4},"end":{"line":52,"column":28}},"23":{"start":{"line":54,"column":4},"end":{"line":109,"column":5}},"24":{"start":{"line":59,"column":8},"end":{"line":65,"column":9}},"25":{"start":{"line":60,"column":12},"end":{"line":60,"column":42}},"26":{"start":{"line":61,"column":12},"end":{"line":61,"column":31}},"27":{"start":{"line":63,"column":12},"end":{"line":63,"column":73}},"28":{"start":{"line":64,"column":12},"end":{"line":64,"column":65}},"29":{"start":{"line":67,"column":8},"end":{"line":77,"column":9}},"30":{"start":{"line":68,"column":12},"end":{"line":75,"column":14}},"31":{"start":{"line":76,"column":12},"end":{"line":76,"column":55}},"32":{"start":{"line":79,"column":21},"end":{"line":84,"column":9}},"33":{"start":{"line":86,"column":25},"end":{"line":86,"column":64}},"34":{"start":{"line":87,"column":8},"end":{"line":93,"column":9}},"35":{"start":{"line":88,"column":12},"end":{"line":91,"column":15}},"36":{"start":{"line":92,"column":12},"end":{"line":92,"column":55}},"37":{"start":{"line":96,"column":8},"end":{"line":96,"column":57}},"38":{"start":{"line":98,"column":8},"end":{"line":105,"column":10}},"39":{"start":{"line":106,"column":8},"end":{"line":106,"column":44}},"40":{"start":{"line":108,"column":8},"end":{"line":108,"column":20}},"41":{"start":{"line":113,"column":27},"end":{"line":145,"column":1}},"42":{"start":{"line":114,"column":18},"end":{"line":114,"column":35}},"43":{"start":{"line":115,"column":37},"end":{"line":115,"column":47}},"44":{"start":{"line":116,"column":4},"end":{"line":144,"column":5}},"45":{"start":{"line":117,"column":21},"end":{"line":121,"column":9}},"46":{"start":{"line":123,"column":25},"end":{"line":123,"column":69}},"47":{"start":{"line":124,"column":8},"end":{"line":130,"column":9}},"48":{"start":{"line":125,"column":12},"end":{"line":128,"column":15}},"49":{"start":{"line":129,"column":12},"end":{"line":129,"column":53}},"50":{"start":{"line":132,"column":8},"end":{"line":139,"column":10}},"51":{"start":{"line":141,"column":8},"end":{"line":141,"column":49}},"52":{"start":{"line":143,"column":8},"end":{"line":143,"column":20}},"53":{"start":{"line":148,"column":31},"end":{"line":181,"column":1}},"54":{"start":{"line":149,"column":18},"end":{"line":149,"column":35}},"55":{"start":{"line":150,"column":37},"end":{"line":150,"column":47}},"56":{"start":{"line":151,"column":21},"end":{"line":151,"column":38}},"57":{"start":{"line":152,"column":4},"end":{"line":180,"column":5}},"58":{"start":{"line":153,"column":21},"end":{"line":158,"column":9}},"59":{"start":{"line":160,"column":25},"end":{"line":160,"column":73}},"60":{"start":{"line":161,"column":8},"end":{"line":167,"column":9}},"61":{"start":{"line":162,"column":12},"end":{"line":165,"column":15}},"62":{"start":{"line":166,"column":12},"end":{"line":166,"column":53}},"63":{"start":{"line":168,"column":8},"end":{"line":175,"column":10}},"64":{"start":{"line":177,"column":8},"end":{"line":177,"column":49}},"65":{"start":{"line":179,"column":8},"end":{"line":179,"column":20}},"66":{"start":{"line":182,"column":0},"end":{"line":187,"column":2}}},"fnMap":{"0":{"name":"(anonymous_0)","decl":{"start":{"line":17,"column":16},"end":{"line":17,"column":17}},"loc":{"start":{"line":17,"column":42},"end":{"line":44,"column":1}},"line":17},"1":{"name":"(anonymous_1)","decl":{"start":{"line":47,"column":22},"end":{"line":47,"column":23}},"loc":{"start":{"line":47,"column":48},"end":{"line":110,"column":1}},"line":47},"2":{"name":"(anonymous_2)","decl":{"start":{"line":113,"column":27},"end":{"line":113,"column":28}},"loc":{"start":{"line":113,"column":53},"end":{"line":145,"column":1}},"line":113},"3":{"name":"(anonymous_3)","decl":{"start":{"line":148,"column":31},"end":{"line":148,"column":32}},"loc":{"start":{"line":148,"column":57},"end":{"line":181,"column":1}},"line":148}},"branchMap":{"0":{"loc":{"start":{"line":24,"column":8},"end":{"line":30,"column":9}},"type":"if","locations":[{"start":{"line":24,"column":8},"end":{"line":30,"column":9}},{"start":{"line":24,"column":8},"end":{"line":30,"column":9}}],"line":24},"1":{"loc":{"start":{"line":59,"column":8},"end":{"line":65,"column":9}},"type":"if","locations":[{"start":{"line":59,"column":8},"end":{"line":65,"column":9}},{"start":{"line":59,"column":8},"end":{"line":65,"column":9}}],"line":59},"2":{"loc":{"start":{"line":67,"column":8},"end":{"line":77,"column":9}},"type":"if","locations":[{"start":{"line":67,"column":8},"end":{"line":77,"column":9}},{"start":{"line":67,"column":8},"end":{"line":77,"column":9}}],"line":67},"3":{"loc":{"start":{"line":87,"column":8},"end":{"line":93,"column":9}},"type":"if","locations":[{"start":{"line":87,"column":8},"end":{"line":93,"column":9}},{"start":{"line":87,"column":8},"end":{"line":93,"column":9}}],"line":87},"4":{"loc":{"start":{"line":124,"column":8},"end":{"line":130,"column":9}},"type":"if","locations":[{"start":{"line":124,"column":8},"end":{"line":130,"column":9}},{"start":{"line":124,"column":8},"end":{"line":130,"column":9}}],"line":124},"5":{"loc":{"start":{"line":161,"column":8},"end":{"line":167,"column":9}},"type":"if","locations":[{"start":{"line":161,"column":8},"end":{"line":167,"column":9}},{"start":{"line":161,"column":8},"end":{"line":167,"column":9}}],"line":161}},"s":{"0":8,"1":8,"2":8,"3":8,"4":8,"5":1,"6":1,"7":1,"8":1,"9":1,"10":1,"11":1,"12":0,"13":1,"14":1,"15":1,"16":0,"17":8,"18":0,"19":0,"20":0,"21":0,"22":0,"23":0,"24":0,"25":0,"26":0,"27":0,"28":0,"29":0,"30":0,"31":0,"32":0,"33":0,"34":0,"35":0,"36":0,"37":0,"38":0,"39":0,"40":0,"41":8,"42":1,"43":1,"44":1,"45":1,"46":1,"47":1,"48":1,"49":1,"50":0,"51":0,"52":0,"53":8,"54":1,"55":1,"56":1,"57":1,"58":1,"59":1,"60":1,"61":1,"62":1,"63":0,"64":0,"65":0,"66":8},"f":{"0":1,"1":0,"2":1,"3":1},"b":{"0":[0,1],"1":[0,0],"2":[0,0],"3":[0,0],"4":[1,0],"5":[1,0]},"_coverageSchema":"332fd63041d2c1bcb487cc26dd0d5f7d97098a6c","hash":"1f905cf346d92cc7a26b432ded34069efa816e1c"}
,"C:\\Users\\Beyhan Ildırar\\OneDrive\\Masaüstü\\osf-final-project\\src\\controllers\\categoryController.js": {"path":"C:\\Users\\Beyhan Ildırar\\OneDrive\\Masaüstü\\osf-final-project\\src\\controllers\\categoryController.js","statementMap":{"0":{"start":{"line":4,"column":4},"end":{"line":4,"column":42}},"1":{"start":{"line":5,"column":28},"end":{"line":5,"column":65}},"2":{"start":{"line":6,"column":27},"end":{"line":6,"column":63}},"3":{"start":{"line":7,"column":24},"end":{"line":7,"column":64}},"4":{"start":{"line":10,"column":26},"end":{"line":29,"column":1}},"5":{"start":{"line":11,"column":27},"end":{"line":11,"column":46}},"6":{"start":{"line":13,"column":4},"end":{"line":28,"column":5}},"7":{"start":{"line":14,"column":22},"end":{"line":14,"column":59}},"8":{"start":{"line":15,"column":25},"end":{"line":15,"column":62}},"9":{"start":{"line":16,"column":25},"end":{"line":16,"column":70}},"10":{"start":{"line":18,"column":8},"end":{"line":19,"column":61}},"11":{"start":{"line":19,"column":12},"end":{"line":19,"column":61}},"12":{"start":{"line":21,"column":8},"end":{"line":21,"column":36}},"13":{"start":{"line":23,"column":8},"end":{"line":25,"column":69}},"14":{"start":{"line":27,"column":8},"end":{"line":27,"column":20}},"15":{"start":{"line":32,"column":28},"end":{"line":55,"column":1}},"16":{"start":{"line":33,"column":25},"end":{"line":33,"column":44}},"17":{"start":{"line":34,"column":29},"end":{"line":34,"column":56}},"18":{"start":{"line":36,"column":4},"end":{"line":54,"column":5}},"19":{"start":{"line":37,"column":8},"end":{"line":39,"column":9}},"20":{"start":{"line":38,"column":12},"end":{"line":38,"column":61}},"21":{"start":{"line":40,"column":22},"end":{"line":40,"column":59}},"22":{"start":{"line":41,"column":27},"end":{"line":41,"column":74}},"23":{"start":{"line":42,"column":8},"end":{"line":42,"column":74}},"24":{"start":{"line":42,"column":25},"end":{"line":42,"column":74}},"25":{"start":{"line":43,"column":8},"end":{"line":43,"column":36}},"26":{"start":{"line":44,"column":28},"end":{"line":44,"column":60}},"27":{"start":{"line":46,"column":8},"end":{"line":51,"column":11}},"28":{"start":{"line":53,"column":8},"end":{"line":53,"column":20}},"29":{"start":{"line":57,"column":0},"end":{"line":57,"column":60}}},"fnMap":{"0":{"name":"(anonymous_0)","decl":{"start":{"line":10,"column":26},"end":{"line":10,"column":27}},"loc":{"start":{"line":10,"column":52},"end":{"line":29,"column":1}},"line":10},"1":{"name":"(anonymous_1)","decl":{"start":{"line":32,"column":28},"end":{"line":32,"column":29}},"loc":{"start":{"line":32,"column":54},"end":{"line":55,"column":1}},"line":32}},"branchMap":{"0":{"loc":{"start":{"line":18,"column":8},"end":{"line":19,"column":61}},"type":"if","locations":[{"start":{"line":18,"column":8},"end":{"line":19,"column":61}},{"start":{"line":18,"column":8},"end":{"line":19,"column":61}}],"line":18},"1":{"loc":{"start":{"line":18,"column":12},"end":{"line":18,"column":36}},"type":"binary-expr","locations":[{"start":{"line":18,"column":12},"end":{"line":18,"column":23}},{"start":{"line":18,"column":27},"end":{"line":18,"column":36}}],"line":18},"2":{"loc":{"start":{"line":37,"column":8},"end":{"line":39,"column":9}},"type":"if","locations":[{"start":{"line":37,"column":8},"end":{"line":39,"column":9}},{"start":{"line":37,"column":8},"end":{"line":39,"column":9}}],"line":37},"3":{"loc":{"start":{"line":42,"column":8},"end":{"line":42,"column":74}},"type":"if","locations":[{"start":{"line":42,"column":8},"end":{"line":42,"column":74}},{"start":{"line":42,"column":8},"end":{"line":42,"column":74}}],"line":42}},"s":{"0":8,"1":8,"2":8,"3":8,"4":8,"5":1,"6":1,"7":1,"8":1,"9":1,"10":1,"11":0,"12":1,"13":1,"14":0,"15":8,"16":1,"17":1,"18":1,"19":1,"20":0,"21":1,"22":1,"23":1,"24":0,"25":1,"26":1,"27":1,"28":0,"29":8},"f":{"0":1,"1":1},"b":{"0":[0,1],"1":[1,1],"2":[0,1],"3":[0,1]},"_coverageSchema":"332fd63041d2c1bcb487cc26dd0d5f7d97098a6c","hash":"f89b0807be8a5c00e4de7a227c12c50d890cdbd8"}
,"C:\\Users\\Beyhan Ildırar\\OneDrive\\Masaüstü\\osf-final-project\\src\\controllers\\orderController.js": {"path":"C:\\Users\\Beyhan Ildırar\\OneDrive\\Masaüstü\\osf-final-project\\src\\controllers\\orderController.js","statementMap":{"0":{"start":{"line":1,"column":24},"end":{"line":1,"column":64}},"1":{"start":{"line":2,"column":27},"end":{"line":2,"column":61}},"2":{"start":{"line":7,"column":4},"end":{"line":7,"column":39}},"3":{"start":{"line":8,"column":36},"end":{"line":8,"column":74}},"4":{"start":{"line":9,"column":15},"end":{"line":9,"column":35}},"5":{"start":{"line":12,"column":17},"end":{"line":34,"column":1}},"6":{"start":{"line":13,"column":25},"end":{"line":13,"column":49}},"7":{"start":{"line":14,"column":18},"end":{"line":14,"column":35}},"8":{"start":{"line":16,"column":4},"end":{"line":33,"column":5}},"9":{"start":{"line":17,"column":22},"end":{"line":17,"column":59}},"10":{"start":{"line":18,"column":23},"end":{"line":18,"column":51}},"11":{"start":{"line":19,"column":8},"end":{"line":24,"column":9}},"12":{"start":{"line":20,"column":12},"end":{"line":23,"column":15}},"13":{"start":{"line":26,"column":8},"end":{"line":30,"column":11}},"14":{"start":{"line":32,"column":8},"end":{"line":32,"column":20}},"15":{"start":{"line":37,"column":20},"end":{"line":78,"column":1}},"16":{"start":{"line":38,"column":18},"end":{"line":38,"column":35}},"17":{"start":{"line":39,"column":20},"end":{"line":39,"column":36}},"18":{"start":{"line":41,"column":4},"end":{"line":77,"column":5}},"19":{"start":{"line":43,"column":8},"end":{"line":49,"column":9}},"20":{"start":{"line":44,"column":12},"end":{"line":47,"column":15}},"21":{"start":{"line":48,"column":12},"end":{"line":48,"column":53}},"22":{"start":{"line":50,"column":21},"end":{"line":50,"column":48}},"23":{"start":{"line":51,"column":8},"end":{"line":51,"column":53}},"24":{"start":{"line":51,"column":25},"end":{"line":51,"column":53}},"25":{"start":{"line":52,"column":26},"end":{"line":52,"column":45}},"26":{"start":{"line":53,"column":21},"end":{"line":58,"column":9}},"27":{"start":{"line":60,"column":25},"end":{"line":60,"column":62}},"28":{"start":{"line":62,"column":8},"end":{"line":68,"column":9}},"29":{"start":{"line":63,"column":12},"end":{"line":66,"column":15}},"30":{"start":{"line":67,"column":12},"end":{"line":67,"column":53}},"31":{"start":{"line":70,"column":8},"end":{"line":73,"column":11}},"32":{"start":{"line":74,"column":8},"end":{"line":74,"column":42}},"33":{"start":{"line":76,"column":8},"end":{"line":76,"column":20}},"34":{"start":{"line":80,"column":0},"end":{"line":80,"column":43}}},"fnMap":{"0":{"name":"(anonymous_0)","decl":{"start":{"line":12,"column":17},"end":{"line":12,"column":18}},"loc":{"start":{"line":12,"column":43},"end":{"line":34,"column":1}},"line":12},"1":{"name":"(anonymous_1)","decl":{"start":{"line":37,"column":20},"end":{"line":37,"column":21}},"loc":{"start":{"line":37,"column":46},"end":{"line":78,"column":1}},"line":37}},"branchMap":{"0":{"loc":{"start":{"line":19,"column":8},"end":{"line":24,"column":9}},"type":"if","locations":[{"start":{"line":19,"column":8},"end":{"line":24,"column":9}},{"start":{"line":19,"column":8},"end":{"line":24,"column":9}}],"line":19},"1":{"loc":{"start":{"line":43,"column":8},"end":{"line":49,"column":9}},"type":"if","locations":[{"start":{"line":43,"column":8},"end":{"line":49,"column":9}},{"start":{"line":43,"column":8},"end":{"line":49,"column":9}}],"line":43},"2":{"loc":{"start":{"line":51,"column":8},"end":{"line":51,"column":53}},"type":"if","locations":[{"start":{"line":51,"column":8},"end":{"line":51,"column":53}},{"start":{"line":51,"column":8},"end":{"line":51,"column":53}}],"line":51},"3":{"loc":{"start":{"line":62,"column":8},"end":{"line":68,"column":9}},"type":"if","locations":[{"start":{"line":62,"column":8},"end":{"line":68,"column":9}},{"start":{"line":62,"column":8},"end":{"line":68,"column":9}}],"line":62}},"s":{"0":8,"1":8,"2":8,"3":8,"4":8,"5":8,"6":1,"7":1,"8":1,"9":1,"10":1,"11":1,"12":0,"13":1,"14":0,"15":8,"16":1,"17":1,"18":1,"19":1,"20":0,"21":0,"22":1,"23":1,"24":0,"25":1,"26":1,"27":1,"28":1,"29":0,"30":0,"31":1,"32":1,"33":0,"34":8},"f":{"0":1,"1":1},"b":{"0":[0,1],"1":[0,1],"2":[0,1],"3":[0,1]},"_coverageSchema":"332fd63041d2c1bcb487cc26dd0d5f7d97098a6c","hash":"573eecded7b57e339d8bed8e6894541d241ae47c"}
,"C:\\Users\\Beyhan Ildırar\\OneDrive\\Masaüstü\\osf-final-project\\src\\controllers\\pageController.js": {"path":"C:\\Users\\Beyhan Ildırar\\OneDrive\\Masaüstü\\osf-final-project\\src\\controllers\\pageController.js","statementMap":{"0":{"start":{"line":1,"column":36},"end":{"line":1,"column":74}},"1":{"start":{"line":4,"column":21},"end":{"line":11,"column":1}},"2":{"start":{"line":5,"column":4},"end":{"line":10,"column":5}},"3":{"start":{"line":6,"column":22},"end":{"line":6,"column":59}},"4":{"start":{"line":7,"column":8},"end":{"line":7,"column":51}},"5":{"start":{"line":9,"column":8},"end":{"line":9,"column":20}},"6":{"start":{"line":14,"column":21},"end":{"line":23,"column":1}},"7":{"start":{"line":15,"column":28},"end":{"line":15,"column":55}},"8":{"start":{"line":16,"column":4},"end":{"line":22,"column":5}},"9":{"start":{"line":18,"column":8},"end":{"line":18,"column":45}},"10":{"start":{"line":18,"column":20},"end":{"line":18,"column":45}},"11":{"start":{"line":19,"column":8},"end":{"line":19,"column":61}},"12":{"start":{"line":21,"column":8},"end":{"line":21,"column":20}},"13":{"start":{"line":26,"column":24},"end":{"line":33,"column":1}},"14":{"start":{"line":27,"column":4},"end":{"line":32,"column":5}},"15":{"start":{"line":28,"column":8},"end":{"line":28,"column":45}},"16":{"start":{"line":28,"column":20},"end":{"line":28,"column":45}},"17":{"start":{"line":29,"column":8},"end":{"line":29,"column":43}},"18":{"start":{"line":31,"column":8},"end":{"line":31,"column":20}},"19":{"start":{"line":35,"column":0},"end":{"line":35,"column":65}}},"fnMap":{"0":{"name":"(anonymous_0)","decl":{"start":{"line":4,"column":21},"end":{"line":4,"column":22}},"loc":{"start":{"line":4,"column":47},"end":{"line":11,"column":1}},"line":4},"1":{"name":"(anonymous_1)","decl":{"start":{"line":14,"column":21},"end":{"line":14,"column":22}},"loc":{"start":{"line":14,"column":47},"end":{"line":23,"column":1}},"line":14},"2":{"name":"(anonymous_2)","decl":{"start":{"line":26,"column":24},"end":{"line":26,"column":25}},"loc":{"start":{"line":26,"column":50},"end":{"line":33,"column":1}},"line":26}},"branchMap":{"0":{"loc":{"start":{"line":18,"column":8},"end":{"line":18,"column":45}},"type":"if","locations":[{"start":{"line":18,"column":8},"end":{"line":18,"column":45}},{"start":{"line":18,"column":8},"end":{"line":18,"column":45}}],"line":18},"1":{"loc":{"start":{"line":28,"column":8},"end":{"line":28,"column":45}},"type":"if","locations":[{"start":{"line":28,"column":8},"end":{"line":28,"column":45}},{"start":{"line":28,"column":8},"end":{"line":28,"column":45}}],"line":28}},"s":{"0":8,"1":8,"2":1,"3":1,"4":1,"5":0,"6":8,"7":0,"8":0,"9":0,"10":0,"11":0,"12":0,"13":8,"14":0,"15":0,"16":0,"17":0,"18":0,"19":8},"f":{"0":1,"1":0,"2":0},"b":{"0":[0,0],"1":[0,0]},"_coverageSchema":"332fd63041d2c1bcb487cc26dd0d5f7d97098a6c","hash":"0fac0c2600bf655b0aff4040e71849eac5b702dc"}
,"C:\\Users\\Beyhan Ildırar\\OneDrive\\Masaüstü\\osf-final-project\\src\\controllers\\productController.js": {"path":"C:\\Users\\Beyhan Ildırar\\OneDrive\\Masaüstü\\osf-final-project\\src\\controllers\\productController.js","statementMap":{"0":{"start":{"line":1,"column":36},"end":{"line":1,"column":74}},"1":{"start":{"line":8,"column":4},"end":{"line":8,"column":41}},"2":{"start":{"line":9,"column":27},"end":{"line":9,"column":63}},"3":{"start":{"line":10,"column":24},"end":{"line":10,"column":64}},"4":{"start":{"line":13,"column":20},"end":{"line":37,"column":1}},"5":{"start":{"line":14,"column":30},"end":{"line":14,"column":58}},"6":{"start":{"line":16,"column":4},"end":{"line":36,"column":5}},"7":{"start":{"line":17,"column":22},"end":{"line":17,"column":59}},"8":{"start":{"line":18,"column":31},"end":{"line":20,"column":9}},"9":{"start":{"line":21,"column":8},"end":{"line":23,"column":9}},"10":{"start":{"line":22,"column":12},"end":{"line":22,"column":61}},"11":{"start":{"line":24,"column":25},"end":{"line":24,"column":73}},"12":{"start":{"line":25,"column":26},"end":{"line":25,"column":59}},"13":{"start":{"line":26,"column":8},"end":{"line":32,"column":9}},"14":{"start":{"line":27,"column":12},"end":{"line":31,"column":14}},"15":{"start":{"line":33,"column":8},"end":{"line":33,"column":72}},"16":{"start":{"line":35,"column":8},"end":{"line":35,"column":20}},"17":{"start":{"line":40,"column":25},"end":{"line":81,"column":1}},"18":{"start":{"line":41,"column":25},"end":{"line":41,"column":49}},"19":{"start":{"line":42,"column":28},"end":{"line":42,"column":55}},"20":{"start":{"line":43,"column":15},"end":{"line":43,"column":28}},"21":{"start":{"line":44,"column":30},"end":{"line":44,"column":58}},"22":{"start":{"line":46,"column":4},"end":{"line":80,"column":5}},"23":{"start":{"line":47,"column":22},"end":{"line":47,"column":59}},"24":{"start":{"line":48,"column":24},"end":{"line":48,"column":48}},"25":{"start":{"line":49,"column":31},"end":{"line":51,"column":9}},"26":{"start":{"line":52,"column":26},"end":{"line":52,"column":59}},"27":{"start":{"line":53,"column":8},"end":{"line":59,"column":9}},"28":{"start":{"line":54,"column":12},"end":{"line":58,"column":14}},"29":{"start":{"line":61,"column":23},"end":{"line":61,"column":48}},"30":{"start":{"line":62,"column":24},"end":{"line":62,"column":28}},"31":{"start":{"line":63,"column":8},"end":{"line":65,"column":9}},"32":{"start":{"line":64,"column":12},"end":{"line":64,"column":30}},"33":{"start":{"line":67,"column":8},"end":{"line":77,"column":11}},"34":{"start":{"line":79,"column":8},"end":{"line":79,"column":20}},"35":{"start":{"line":83,"column":0},"end":{"line":83,"column":51}}},"fnMap":{"0":{"name":"(anonymous_0)","decl":{"start":{"line":13,"column":20},"end":{"line":13,"column":21}},"loc":{"start":{"line":13,"column":46},"end":{"line":37,"column":1}},"line":13},"1":{"name":"(anonymous_1)","decl":{"start":{"line":40,"column":25},"end":{"line":40,"column":26}},"loc":{"start":{"line":40,"column":51},"end":{"line":81,"column":1}},"line":40}},"branchMap":{"0":{"loc":{"start":{"line":21,"column":8},"end":{"line":23,"column":9}},"type":"if","locations":[{"start":{"line":21,"column":8},"end":{"line":23,"column":9}},{"start":{"line":21,"column":8},"end":{"line":23,"column":9}}],"line":21},"1":{"loc":{"start":{"line":26,"column":8},"end":{"line":32,"column":9}},"type":"if","locations":[{"start":{"line":26,"column":8},"end":{"line":32,"column":9}},{"start":{"line":26,"column":8},"end":{"line":32,"column":9}}],"line":26},"2":{"loc":{"start":{"line":53,"column":8},"end":{"line":59,"column":9}},"type":"if","locations":[{"start":{"line":53,"column":8},"end":{"line":59,"column":9}},{"start":{"line":53,"column":8},"end":{"line":59,"column":9}}],"line":53},"3":{"loc":{"start":{"line":63,"column":8},"end":{"line":65,"column":9}},"type":"if","locations":[{"start":{"line":63,"column":8},"end":{"line":65,"column":9}},{"start":{"line":63,"column":8},"end":{"line":65,"column":9}}],"line":63}},"s":{"0":8,"1":8,"2":8,"3":8,"4":8,"5":1,"6":1,"7":1,"8":1,"9":1,"10":0,"11":1,"12":1,"13":1,"14":0,"15":1,"16":0,"17":8,"18":1,"19":1,"20":1,"21":1,"22":1,"23":1,"24":1,"25":1,"26":1,"27":1,"28":0,"29":1,"30":1,"31":1,"32":0,"33":1,"34":0,"35":8},"f":{"0":1,"1":1},"b":{"0":[0,1],"1":[0,1],"2":[0,1],"3":[0,1]},"_coverageSchema":"332fd63041d2c1bcb487cc26dd0d5f7d97098a6c","hash":"35adc1857b9e8439e958a01789fe64f324f5a6ee"}
,"C:\\Users\\Beyhan Ildırar\\OneDrive\\Masaüstü\\osf-final-project\\src\\controllers\\searchController.js": {"path":"C:\\Users\\Beyhan Ildırar\\OneDrive\\Masaüstü\\osf-final-project\\src\\controllers\\searchController.js","statementMap":{"0":{"start":{"line":3,"column":4},"end":{"line":3,"column":40}},"1":{"start":{"line":4,"column":36},"end":{"line":4,"column":73}},"2":{"start":{"line":5,"column":36},"end":{"line":5,"column":74}},"3":{"start":{"line":8,"column":15},"end":{"line":51,"column":1}},"4":{"start":{"line":9,"column":28},"end":{"line":9,"column":43}},"5":{"start":{"line":10,"column":4},"end":{"line":50,"column":5}},"6":{"start":{"line":11,"column":31},"end":{"line":11,"column":33}},"7":{"start":{"line":12,"column":27},"end":{"line":12,"column":66}},"8":{"start":{"line":13,"column":22},"end":{"line":13,"column":59}},"9":{"start":{"line":14,"column":24},"end":{"line":14,"column":25}},"10":{"start":{"line":15,"column":26},"end":{"line":15,"column":27}},"11":{"start":{"line":18,"column":8},"end":{"line":40,"column":9}},"12":{"start":{"line":19,"column":12},"end":{"line":19,"column":64}},"13":{"start":{"line":20,"column":12},"end":{"line":20,"column":32}},"14":{"start":{"line":20,"column":23},"end":{"line":20,"column":32}},"15":{"start":{"line":22,"column":12},"end":{"line":39,"column":13}},"16":{"start":{"line":23,"column":16},"end":{"line":38,"column":17}},"17":{"start":{"line":24,"column":20},"end":{"line":27,"column":21}},"18":{"start":{"line":25,"column":24},"end":{"line":25,"column":46}},"19":{"start":{"line":26,"column":24},"end":{"line":26,"column":33}},"20":{"start":{"line":28,"column":20},"end":{"line":28,"column":32}},"21":{"start":{"line":29,"column":20},"end":{"line":29,"column":34}},"22":{"start":{"line":30,"column":34},"end":{"line":30,"column":36}},"23":{"start":{"line":31,"column":20},"end":{"line":31,"column":48}},"24":{"start":{"line":32,"column":20},"end":{"line":32,"column":44}},"25":{"start":{"line":33,"column":20},"end":{"line":33,"column":75}},"26":{"start":{"line":34,"column":20},"end":{"line":34,"column":50}},"27":{"start":{"line":35,"column":20},"end":{"line":35,"column":61}},"28":{"start":{"line":36,"column":20},"end":{"line":36,"column":65}},"29":{"start":{"line":37,"column":20},"end":{"line":37,"column":51}},"30":{"start":{"line":42,"column":8},"end":{"line":47,"column":11}},"31":{"start":{"line":49,"column":8},"end":{"line":49,"column":20}},"32":{"start":{"line":53,"column":0},"end":{"line":53,"column":28}}},"fnMap":{"0":{"name":"(anonymous_0)","decl":{"start":{"line":8,"column":15},"end":{"line":8,"column":16}},"loc":{"start":{"line":8,"column":41},"end":{"line":51,"column":1}},"line":8}},"branchMap":{"0":{"loc":{"start":{"line":20,"column":12},"end":{"line":20,"column":32}},"type":"if","locations":[{"start":{"line":20,"column":12},"end":{"line":20,"column":32}},{"start":{"line":20,"column":12},"end":{"line":20,"column":32}}],"line":20},"1":{"loc":{"start":{"line":23,"column":16},"end":{"line":38,"column":17}},"type":"if","locations":[{"start":{"line":23,"column":16},"end":{"line":38,"column":17}},{"start":{"line":23,"column":16},"end":{"line":38,"column":17}}],"line":23},"2":{"loc":{"start":{"line":24,"column":20},"end":{"line":27,"column":21}},"type":"if","locations":[{"start":{"line":24,"column":20},"end":{"line":27,"column":21}},{"start":{"line":24,"column":20},"end":{"line":27,"column":21}}],"line":24}},"s":{"0":8,"1":8,"2":8,"3":8,"4":1,"5":1,"6":1,"7":1,"8":1,"9":1,"10":1,"11":1,"12":18,"13":18,"14":0,"15":18,"16":205,"17":0,"18":0,"19":0,"20":0,"21":0,"22":0,"23":0,"24":0,"25":0,"26":0,"27":0,"28":0,"29":0,"30":1,"31":0,"32":8},"f":{"0":1},"b":{"0":[0,18],"1":[0,205],"2":[0,0]},"_coverageSchema":"332fd63041d2c1bcb487cc26dd0d5f7d97098a6c","hash":"a2710852f9cd52575dc69a1d4ea182c4e6dc9f87"}
,"C:\\Users\\Beyhan Ildırar\\OneDrive\\Masaüstü\\osf-final-project\\src\\controllers\\wishlistController.js": {"path":"C:\\Users\\Beyhan Ildırar\\OneDrive\\Masaüstü\\osf-final-project\\src\\controllers\\wishlistController.js","statementMap":{"0":{"start":{"line":1,"column":15},"end":{"line":1,"column":35}},"1":{"start":{"line":2,"column":24},"end":{"line":2,"column":64}},"2":{"start":{"line":3,"column":36},"end":{"line":3,"column":74}},"3":{"start":{"line":11,"column":4},"end":{"line":11,"column":42}},"4":{"start":{"line":14,"column":20},"end":{"line":38,"column":1}},"5":{"start":{"line":15,"column":25},"end":{"line":15,"column":49}},"6":{"start":{"line":16,"column":28},"end":{"line":16,"column":55}},"7":{"start":{"line":17,"column":18},"end":{"line":17,"column":35}},"8":{"start":{"line":18,"column":4},"end":{"line":37,"column":5}},"9":{"start":{"line":19,"column":22},"end":{"line":19,"column":59}},"10":{"start":{"line":20,"column":25},"end":{"line":20,"column":56}},"11":{"start":{"line":21,"column":8},"end":{"line":27,"column":9}},"12":{"start":{"line":22,"column":12},"end":{"line":26,"column":15}},"13":{"start":{"line":28,"column":29},"end":{"line":28,"column":66}},"14":{"start":{"line":29,"column":8},"end":{"line":34,"column":11}},"15":{"start":{"line":36,"column":8},"end":{"line":36,"column":20}},"16":{"start":{"line":41,"column":26},"end":{"line":94,"column":1}},"17":{"start":{"line":42,"column":18},"end":{"line":42,"column":35}},"18":{"start":{"line":43,"column":45},"end":{"line":43,"column":55}},"19":{"start":{"line":44,"column":21},"end":{"line":44,"column":38}},"20":{"start":{"line":45,"column":20},"end":{"line":45,"column":28}},"21":{"start":{"line":46,"column":4},"end":{"line":46,"column":28}},"22":{"start":{"line":48,"column":4},"end":{"line":93,"column":5}},"23":{"start":{"line":49,"column":26},"end":{"line":49,"column":74}},"24":{"start":{"line":50,"column":8},"end":{"line":62,"column":9}},"25":{"start":{"line":51,"column":12},"end":{"line":58,"column":14}},"26":{"start":{"line":59,"column":12},"end":{"line":61,"column":73}},"27":{"start":{"line":64,"column":21},"end":{"line":69,"column":9}},"28":{"start":{"line":71,"column":25},"end":{"line":71,"column":68}},"29":{"start":{"line":72,"column":8},"end":{"line":80,"column":9}},"30":{"start":{"line":73,"column":12},"end":{"line":76,"column":15}},"31":{"start":{"line":77,"column":12},"end":{"line":79,"column":73}},"32":{"start":{"line":82,"column":8},"end":{"line":89,"column":10}},"33":{"start":{"line":90,"column":8},"end":{"line":90,"column":80}},"34":{"start":{"line":92,"column":8},"end":{"line":92,"column":20}},"35":{"start":{"line":97,"column":31},"end":{"line":129,"column":1}},"36":{"start":{"line":98,"column":18},"end":{"line":98,"column":35}},"37":{"start":{"line":99,"column":37},"end":{"line":99,"column":47}},"38":{"start":{"line":100,"column":4},"end":{"line":128,"column":5}},"39":{"start":{"line":101,"column":21},"end":{"line":105,"column":9}},"40":{"start":{"line":107,"column":25},"end":{"line":107,"column":73}},"41":{"start":{"line":108,"column":8},"end":{"line":114,"column":9}},"42":{"start":{"line":109,"column":12},"end":{"line":112,"column":15}},"43":{"start":{"line":113,"column":12},"end":{"line":113,"column":57}},"44":{"start":{"line":116,"column":8},"end":{"line":123,"column":10}},"45":{"start":{"line":125,"column":8},"end":{"line":125,"column":53}},"46":{"start":{"line":127,"column":8},"end":{"line":127,"column":15}},"47":{"start":{"line":132,"column":27},"end":{"line":165,"column":1}},"48":{"start":{"line":133,"column":18},"end":{"line":133,"column":35}},"49":{"start":{"line":134,"column":37},"end":{"line":134,"column":47}},"50":{"start":{"line":135,"column":21},"end":{"line":135,"column":38}},"51":{"start":{"line":136,"column":4},"end":{"line":164,"column":5}},"52":{"start":{"line":137,"column":21},"end":{"line":142,"column":9}},"53":{"start":{"line":144,"column":25},"end":{"line":144,"column":69}},"54":{"start":{"line":145,"column":8},"end":{"line":151,"column":9}},"55":{"start":{"line":146,"column":12},"end":{"line":149,"column":15}},"56":{"start":{"line":150,"column":12},"end":{"line":150,"column":57}},"57":{"start":{"line":152,"column":8},"end":{"line":159,"column":10}},"58":{"start":{"line":161,"column":8},"end":{"line":161,"column":53}},"59":{"start":{"line":163,"column":8},"end":{"line":163,"column":20}},"60":{"start":{"line":167,"column":0},"end":{"line":172,"column":2}}},"fnMap":{"0":{"name":"(anonymous_0)","decl":{"start":{"line":14,"column":20},"end":{"line":14,"column":21}},"loc":{"start":{"line":14,"column":46},"end":{"line":38,"column":1}},"line":14},"1":{"name":"(anonymous_1)","decl":{"start":{"line":41,"column":26},"end":{"line":41,"column":27}},"loc":{"start":{"line":41,"column":52},"end":{"line":94,"column":1}},"line":41},"2":{"name":"(anonymous_2)","decl":{"start":{"line":97,"column":31},"end":{"line":97,"column":32}},"loc":{"start":{"line":97,"column":57},"end":{"line":129,"column":1}},"line":97},"3":{"name":"(anonymous_3)","decl":{"start":{"line":132,"column":27},"end":{"line":132,"column":28}},"loc":{"start":{"line":132,"column":53},"end":{"line":165,"column":1}},"line":132}},"branchMap":{"0":{"loc":{"start":{"line":21,"column":8},"end":{"line":27,"column":9}},"type":"if","locations":[{"start":{"line":21,"column":8},"end":{"line":27,"column":9}},{"start":{"line":21,"column":8},"end":{"line":27,"column":9}}],"line":21},"1":{"loc":{"start":{"line":50,"column":8},"end":{"line":62,"column":9}},"type":"if","locations":[{"start":{"line":50,"column":8},"end":{"line":62,"column":9}},{"start":{"line":50,"column":8},"end":{"line":62,"column":9}}],"line":50},"2":{"loc":{"start":{"line":72,"column":8},"end":{"line":80,"column":9}},"type":"if","locations":[{"start":{"line":72,"column":8},"end":{"line":80,"column":9}},{"start":{"line":72,"column":8},"end":{"line":80,"column":9}}],"line":72},"3":{"loc":{"start":{"line":108,"column":8},"end":{"line":114,"column":9}},"type":"if","locations":[{"start":{"line":108,"column":8},"end":{"line":114,"column":9}},{"start":{"line":108,"column":8},"end":{"line":114,"column":9}}],"line":108},"4":{"loc":{"start":{"line":145,"column":8},"end":{"line":151,"column":9}},"type":"if","locations":[{"start":{"line":145,"column":8},"end":{"line":151,"column":9}},{"start":{"line":145,"column":8},"end":{"line":151,"column":9}}],"line":145}},"s":{"0":8,"1":8,"2":8,"3":8,"4":8,"5":1,"6":1,"7":1,"8":1,"9":1,"10":1,"11":1,"12":0,"13":1,"14":1,"15":0,"16":8,"17":1,"18":1,"19":1,"20":1,"21":1,"22":1,"23":1,"24":1,"25":0,"26":0,"27":1,"28":1,"29":1,"30":0,"31":0,"32":1,"33":1,"34":0,"35":8,"36":1,"37":1,"38":1,"39":1,"40":1,"41":1,"42":0,"43":0,"44":1,"45":1,"46":0,"47":8,"48":1,"49":1,"50":1,"51":1,"52":1,"53":1,"54":1,"55":1,"56":1,"57":0,"58":0,"59":0,"60":8},"f":{"0":1,"1":1,"2":1,"3":1},"b":{"0":[0,1],"1":[0,1],"2":[0,1],"3":[0,1],"4":[1,0]},"_coverageSchema":"332fd63041d2c1bcb487cc26dd0d5f7d97098a6c","hash":"d003f91864de531b178dcb5c89cbf526d9a188c8"}
,"C:\\Users\\Beyhan Ildırar\\OneDrive\\Masaüstü\\osf-final-project\\src\\exceptions\\BadRequestError.js": {"path":"C:\\Users\\Beyhan Ildırar\\OneDrive\\Masaüstü\\osf-final-project\\src\\exceptions\\BadRequestError.js","statementMap":{"0":{"start":{"line":1,"column":18},"end":{"line":1,"column":40}},"1":{"start":{"line":2,"column":28},"end":{"line":2,"column":56}},"2":{"start":{"line":9,"column":8},"end":{"line":9,"column":35}},"3":{"start":{"line":13,"column":0},"end":{"line":13,"column":33}}},"fnMap":{"0":{"name":"(anonymous_0)","decl":{"start":{"line":5,"column":4},"end":{"line":5,"column":5}},"loc":{"start":{"line":8,"column":6},"end":{"line":10,"column":5}},"line":8}},"branchMap":{"0":{"loc":{"start":{"line":6,"column":8},"end":{"line":6,"column":30}},"type":"default-arg","locations":[{"start":{"line":6,"column":18},"end":{"line":6,"column":30}}],"line":6},"1":{"loc":{"start":{"line":7,"column":8},"end":{"line":7,"column":48}},"type":"default-arg","locations":[{"start":{"line":7,"column":21},"end":{"line":7,"column":48}}],"line":7}},"s":{"0":8,"1":8,"2":0,"3":8},"f":{"0":0},"b":{"0":[0],"1":[0]},"_coverageSchema":"332fd63041d2c1bcb487cc26dd0d5f7d97098a6c","hash":"3ccdbe5f2cf8b6170f23875a293c516ff4d24c7f"}
,"C:\\Users\\Beyhan Ildırar\\OneDrive\\Masaüstü\\osf-final-project\\src\\exceptions\\BaseError.js": {"path":"C:\\Users\\Beyhan Ildırar\\OneDrive\\Masaüstü\\osf-final-project\\src\\exceptions\\BaseError.js","statementMap":{"0":{"start":{"line":3,"column":8},"end":{"line":3,"column":23}},"1":{"start":{"line":4,"column":8},"end":{"line":4,"column":31}},"2":{"start":{"line":5,"column":8},"end":{"line":5,"column":37}},"3":{"start":{"line":9,"column":0},"end":{"line":9,"column":27}}},"fnMap":{"0":{"name":"(anonymous_0)","decl":{"start":{"line":2,"column":4},"end":{"line":2,"column":5}},"loc":{"start":{"line":2,"column":37},"end":{"line":6,"column":5}},"line":2}},"branchMap":{},"s":{"0":2,"1":2,"2":2,"3":8},"f":{"0":2},"b":{},"_coverageSchema":"332fd63041d2c1bcb487cc26dd0d5f7d97098a6c","hash":"392b97148914fc817a7b8e09a823e8c0dc06c8db"}
,"C:\\Users\\Beyhan Ildırar\\OneDrive\\Masaüstü\\osf-final-project\\src\\exceptions\\LoginError.js": {"path":"C:\\Users\\Beyhan Ildırar\\OneDrive\\Masaüstü\\osf-final-project\\src\\exceptions\\LoginError.js","statementMap":{"0":{"start":{"line":1,"column":18},"end":{"line":1,"column":40}},"1":{"start":{"line":2,"column":28},"end":{"line":2,"column":56}},"2":{"start":{"line":6,"column":8},"end":{"line":6,"column":35}},"3":{"start":{"line":10,"column":0},"end":{"line":10,"column":28}}},"fnMap":{"0":{"name":"(anonymous_0)","decl":{"start":{"line":5,"column":4},"end":{"line":5,"column":5}},"loc":{"start":{"line":5,"column":67},"end":{"line":7,"column":5}},"line":5}},"branchMap":{"0":{"loc":{"start":{"line":5,"column":25},"end":{"line":5,"column":65}},"type":"default-arg","locations":[{"start":{"line":5,"column":38},"end":{"line":5,"column":65}}],"line":5}},"s":{"0":8,"1":8,"2":1,"3":8},"f":{"0":1},"b":{"0":[1]},"_coverageSchema":"332fd63041d2c1bcb487cc26dd0d5f7d97098a6c","hash":"e96a2e9e27f568615565642cf9c4f5d5b1600220"}
,"C:\\Users\\Beyhan Ildırar\\OneDrive\\Masaüstü\\osf-final-project\\src\\exceptions\\RegisterError.js": {"path":"C:\\Users\\Beyhan Ildırar\\OneDrive\\Masaüstü\\osf-final-project\\src\\exceptions\\RegisterError.js","statementMap":{"0":{"start":{"line":1,"column":18},"end":{"line":1,"column":40}},"1":{"start":{"line":2,"column":28},"end":{"line":2,"column":56}},"2":{"start":{"line":6,"column":8},"end":{"line":6,"column":35}},"3":{"start":{"line":10,"column":0},"end":{"line":10,"column":31}}},"fnMap":{"0":{"name":"(anonymous_0)","decl":{"start":{"line":5,"column":4},"end":{"line":5,"column":5}},"loc":{"start":{"line":5,"column":67},"end":{"line":7,"column":5}},"line":5}},"branchMap":{"0":{"loc":{"start":{"line":5,"column":25},"end":{"line":5,"column":65}},"type":"default-arg","locations":[{"start":{"line":5,"column":38},"end":{"line":5,"column":65}}],"line":5}},"s":{"0":8,"1":8,"2":1,"3":8},"f":{"0":1},"b":{"0":[1]},"_coverageSchema":"332fd63041d2c1bcb487cc26dd0d5f7d97098a6c","hash":"a7ffb6a19e3d2454f5111ee5075ac32b1d195be4"}
,"C:\\Users\\Beyhan Ildırar\\OneDrive\\Masaüstü\\osf-final-project\\src\\exceptions\\UnauthorizedError.js": {"path":"C:\\Users\\Beyhan Ildırar\\OneDrive\\Masaüstü\\osf-final-project\\src\\exceptions\\UnauthorizedError.js","statementMap":{"0":{"start":{"line":1,"column":18},"end":{"line":1,"column":40}},"1":{"start":{"line":2,"column":28},"end":{"line":2,"column":56}},"2":{"start":{"line":6,"column":8},"end":{"line":6,"column":35}},"3":{"start":{"line":10,"column":0},"end":{"line":10,"column":35}}},"fnMap":{"0":{"name":"(anonymous_0)","decl":{"start":{"line":5,"column":4},"end":{"line":5,"column":5}},"loc":{"start":{"line":5,"column":68},"end":{"line":7,"column":5}},"line":5}},"branchMap":{"0":{"loc":{"start":{"line":5,"column":25},"end":{"line":5,"column":66}},"type":"default-arg","locations":[{"start":{"line":5,"column":38},"end":{"line":5,"column":66}}],"line":5}},"s":{"0":8,"1":8,"2":0,"3":8},"f":{"0":0},"b":{"0":[0]},"_coverageSchema":"332fd63041d2c1bcb487cc26dd0d5f7d97098a6c","hash":"4b148133be91e8ca5c865398957e0ad5cdbeee49"}
,"C:\\Users\\Beyhan Ildırar\\OneDrive\\Masaüstü\\osf-final-project\\src\\exceptions\\httpStatusCodes.js": {"path":"C:\\Users\\Beyhan Ildırar\\OneDrive\\Masaüstü\\osf-final-project\\src\\exceptions\\httpStatusCodes.js","statementMap":{"0":{"start":{"line":1,"column":24},"end":{"line":6,"column":1}},"1":{"start":{"line":8,"column":0},"end":{"line":8,"column":37}}},"fnMap":{},"branchMap":{},"s":{"0":8,"1":8},"f":{},"b":{},"_coverageSchema":"332fd63041d2c1bcb487cc26dd0d5f7d97098a6c","hash":"787292f07457d995209a8cd58534eaaf4f1df2e0"}
,"C:\\Users\\Beyhan Ildırar\\OneDrive\\Masaüstü\\osf-final-project\\src\\helpers\\checkImageExist.js": {"path":"C:\\Users\\Beyhan Ildırar\\OneDrive\\Masaüstü\\osf-final-project\\src\\helpers\\checkImageExist.js","statementMap":{"0":{"start":{"line":1,"column":11},"end":{"line":1,"column":24}},"1":{"start":{"line":3,"column":24},"end":{"line":9,"column":1}},"2":{"start":{"line":4,"column":4},"end":{"line":8,"column":5}},"3":{"start":{"line":5,"column":8},"end":{"line":7,"column":9}},"4":{"start":{"line":6,"column":12},"end":{"line":6,"column":47}},"5":{"start":{"line":11,"column":0},"end":{"line":11,"column":37}}},"fnMap":{"0":{"name":"(anonymous_0)","decl":{"start":{"line":3,"column":24},"end":{"line":3,"column":25}},"loc":{"start":{"line":3,"column":34},"end":{"line":9,"column":1}},"line":3}},"branchMap":{"0":{"loc":{"start":{"line":5,"column":8},"end":{"line":7,"column":9}},"type":"if","locations":[{"start":{"line":5,"column":8},"end":{"line":7,"column":9}},{"start":{"line":5,"column":8},"end":{"line":7,"column":9}}],"line":5},"1":{"loc":{"start":{"line":5,"column":12},"end":{"line":5,"column":66}},"type":"binary-expr","locations":[{"start":{"line":5,"column":12},"end":{"line":5,"column":20}},{"start":{"line":5,"column":24},"end":{"line":5,"column":66}}],"line":5}},"s":{"0":8,"1":8,"2":2,"3":7,"4":1,"5":8},"f":{"0":2},"b":{"0":[1,6],"1":[7,7]},"_coverageSchema":"332fd63041d2c1bcb487cc26dd0d5f7d97098a6c","hash":"5bf42d05c91c0215bf0fb836e61f8532d5b3491c"}
,"C:\\Users\\Beyhan Ildırar\\OneDrive\\Masaüstü\\osf-final-project\\src\\helpers\\findParentName.js": {"path":"C:\\Users\\Beyhan Ildırar\\OneDrive\\Masaüstü\\osf-final-project\\src\\helpers\\findParentName.js","statementMap":{"0":{"start":{"line":1,"column":23},"end":{"line":20,"column":1}},"1":{"start":{"line":2,"column":16},"end":{"line":2,"column":18}},"2":{"start":{"line":3,"column":4},"end":{"line":18,"column":5}},"3":{"start":{"line":4,"column":8},"end":{"line":4,"column":58}},"4":{"start":{"line":5,"column":8},"end":{"line":5,"column":53}},"5":{"start":{"line":6,"column":8},"end":{"line":6,"column":28}},"6":{"start":{"line":8,"column":8},"end":{"line":8,"column":58}},"7":{"start":{"line":9,"column":8},"end":{"line":9,"column":53}},"8":{"start":{"line":10,"column":8},"end":{"line":10,"column":60}},"9":{"start":{"line":12,"column":8},"end":{"line":17,"column":9}},"10":{"start":{"line":13,"column":12},"end":{"line":13,"column":62}},"11":{"start":{"line":14,"column":12},"end":{"line":16,"column":46}},"12":{"start":{"line":19,"column":4},"end":{"line":19,"column":17}},"13":{"start":{"line":22,"column":0},"end":{"line":22,"column":36}}},"fnMap":{"0":{"name":"(anonymous_0)","decl":{"start":{"line":1,"column":23},"end":{"line":1,"column":24}},"loc":{"start":{"line":1,"column":33},"end":{"line":20,"column":1}},"line":1}},"branchMap":{"0":{"loc":{"start":{"line":3,"column":4},"end":{"line":18,"column":5}},"type":"if","locations":[{"start":{"line":3,"column":4},"end":{"line":18,"column":5}},{"start":{"line":3,"column":4},"end":{"line":18,"column":5}}],"line":3},"1":{"loc":{"start":{"line":12,"column":8},"end":{"line":17,"column":9}},"type":"if","locations":[{"start":{"line":12,"column":8},"end":{"line":17,"column":9}},{"start":{"line":12,"column":8},"end":{"line":17,"column":9}}],"line":12},"2":{"loc":{"start":{"line":14,"column":12},"end":{"line":16,"column":45}},"type":"cond-expr","locations":[{"start":{"line":15,"column":19},"end":{"line":15,"column":65}},{"start":{"line":16,"column":19},"end":{"line":16,"column":44}}],"line":14}},"s":{"0":8,"1":3,"2":3,"3":1,"4":1,"5":1,"6":2,"7":2,"8":2,"9":2,"10":2,"11":2,"12":3,"13":8},"f":{"0":3},"b":{"0":[1,2],"1":[2,0],"2":[0,2]},"_coverageSchema":"332fd63041d2c1bcb487cc26dd0d5f7d97098a6c","hash":"ee084dca99ac30f58db1f15ebec0d5574642c17c"}
,"C:\\Users\\Beyhan Ildırar\\OneDrive\\Masaüstü\\osf-final-project\\src\\middleware\\authCheck.js": {"path":"C:\\Users\\Beyhan Ildırar\\OneDrive\\Masaüstü\\osf-final-project\\src\\middleware\\authCheck.js","statementMap":{"0":{"start":{"line":1,"column":26},"end":{"line":1,"column":68}},"1":{"start":{"line":3,"column":18},"end":{"line":11,"column":1}},"2":{"start":{"line":4,"column":18},"end":{"line":4,"column":35}},"3":{"start":{"line":5,"column":4},"end":{"line":10,"column":5}},"4":{"start":{"line":6,"column":8},"end":{"line":6,"column":80}},"5":{"start":{"line":6,"column":20},"end":{"line":6,"column":80}},"6":{"start":{"line":7,"column":8},"end":{"line":7,"column":14}},"7":{"start":{"line":9,"column":8},"end":{"line":9,"column":20}},"8":{"start":{"line":13,"column":0},"end":{"line":13,"column":31}}},"fnMap":{"0":{"name":"(anonymous_0)","decl":{"start":{"line":3,"column":18},"end":{"line":3,"column":19}},"loc":{"start":{"line":3,"column":38},"end":{"line":11,"column":1}},"line":3}},"branchMap":{"0":{"loc":{"start":{"line":6,"column":8},"end":{"line":6,"column":80}},"type":"if","locations":[{"start":{"line":6,"column":8},"end":{"line":6,"column":80}},{"start":{"line":6,"column":8},"end":{"line":6,"column":80}}],"line":6}},"s":{"0":8,"1":8,"2":9,"3":9,"4":9,"5":0,"6":9,"7":0,"8":8},"f":{"0":9},"b":{"0":[0,9]},"_coverageSchema":"332fd63041d2c1bcb487cc26dd0d5f7d97098a6c","hash":"dc510a45d429ef97aab0d0000c88a6cf9911a4de"}
,"C:\\Users\\Beyhan Ildırar\\OneDrive\\Masaüstü\\osf-final-project\\src\\middleware\\error.js": {"path":"C:\\Users\\Beyhan Ildırar\\OneDrive\\Masaüstü\\osf-final-project\\src\\middleware\\error.js","statementMap":{"0":{"start":{"line":1,"column":24},"end":{"line":3,"column":1}},"1":{"start":{"line":2,"column":4},"end":{"line":2,"column":41}},"2":{"start":{"line":5,"column":0},"end":{"line":5,"column":37}}},"fnMap":{"0":{"name":"(anonymous_0)","decl":{"start":{"line":1,"column":24},"end":{"line":1,"column":25}},"loc":{"start":{"line":1,"column":40},"end":{"line":3,"column":1}},"line":1}},"branchMap":{},"s":{"0":8,"1":1,"2":8},"f":{"0":1},"b":{},"_coverageSchema":"332fd63041d2c1bcb487cc26dd0d5f7d97098a6c","hash":"1948e884435a6ccd75a0eeff6c20edcb391de8cd"}
,"C:\\Users\\Beyhan Ildırar\\OneDrive\\Masaüstü\\osf-final-project\\src\\middleware\\errorHandler.js": {"path":"C:\\Users\\Beyhan Ildırar\\OneDrive\\Masaüstü\\osf-final-project\\src\\middleware\\errorHandler.js","statementMap":{"0":{"start":{"line":1,"column":15},"end":{"line":1,"column":38}},"1":{"start":{"line":3,"column":21},"end":{"line":26,"column":1}},"2":{"start":{"line":5,"column":19},"end":{"line":5,"column":42}},"3":{"start":{"line":6,"column":18},"end":{"line":6,"column":31}},"4":{"start":{"line":7,"column":4},"end":{"line":24,"column":5}},"5":{"start":{"line":9,"column":12},"end":{"line":9,"column":27}},"6":{"start":{"line":10,"column":12},"end":{"line":10,"column":18}},"7":{"start":{"line":12,"column":12},"end":{"line":12,"column":30}},"8":{"start":{"line":13,"column":12},"end":{"line":13,"column":18}},"9":{"start":{"line":15,"column":12},"end":{"line":15,"column":27}},"10":{"start":{"line":16,"column":12},"end":{"line":16,"column":18}},"11":{"start":{"line":18,"column":12},"end":{"line":18,"column":27}},"12":{"start":{"line":19,"column":12},"end":{"line":19,"column":18}},"13":{"start":{"line":21,"column":12},"end":{"line":21,"column":27}},"14":{"start":{"line":22,"column":12},"end":{"line":22,"column":43}},"15":{"start":{"line":23,"column":12},"end":{"line":23,"column":46}},"16":{"start":{"line":25,"column":4},"end":{"line":25,"column":61}},"17":{"start":{"line":28,"column":0},"end":{"line":28,"column":34}}},"fnMap":{"0":{"name":"(anonymous_0)","decl":{"start":{"line":3,"column":21},"end":{"line":3,"column":22}},"loc":{"start":{"line":3,"column":48},"end":{"line":26,"column":1}},"line":3}},"branchMap":{"0":{"loc":{"start":{"line":5,"column":19},"end":{"line":5,"column":42}},"type":"binary-expr","locations":[{"start":{"line":5,"column":19},"end":{"line":5,"column":35}},{"start":{"line":5,"column":39},"end":{"line":5,"column":42}}],"line":5},"1":{"loc":{"start":{"line":7,"column":4},"end":{"line":24,"column":5}},"type":"switch","locations":[{"start":{"line":8,"column":8},"end":{"line":10,"column":18}},{"start":{"line":11,"column":8},"end":{"line":13,"column":18}},{"start":{"line":14,"column":8},"end":{"line":16,"column":18}},{"start":{"line":17,"column":8},"end":{"line":19,"column":18}},{"start":{"line":20,"column":8},"end":{"line":23,"column":46}}],"line":7}},"s":{"0":8,"1":8,"2":2,"3":2,"4":2,"5":1,"6":1,"7":1,"8":1,"9":0,"10":0,"11":0,"12":0,"13":0,"14":0,"15":0,"16":2,"17":8},"f":{"0":2},"b":{"0":[2,0],"1":[1,1,0,0,0]},"_coverageSchema":"332fd63041d2c1bcb487cc26dd0d5f7d97098a6c","hash":"d7fab43a92e54379468882eedf1ae208d5f7c962"}
,"C:\\Users\\Beyhan Ildırar\\OneDrive\\Masaüstü\\osf-final-project\\src\\routes\\authRoute.js": {"path":"C:\\Users\\Beyhan Ildırar\\OneDrive\\Masaüstü\\osf-final-project\\src\\routes\\authRoute.js","statementMap":{"0":{"start":{"line":1,"column":48},"end":{"line":1,"column":88}},"1":{"start":{"line":2,"column":22},"end":{"line":2,"column":56}},"2":{"start":{"line":3,"column":19},"end":{"line":3,"column":37}},"3":{"start":{"line":5,"column":15},"end":{"line":5,"column":23}},"4":{"start":{"line":7,"column":0},"end":{"line":7,"column":35}},"5":{"start":{"line":8,"column":0},"end":{"line":8,"column":29}},"6":{"start":{"line":9,"column":0},"end":{"line":9,"column":30}},"7":{"start":{"line":10,"column":0},"end":{"line":10,"column":46}},"8":{"start":{"line":12,"column":0},"end":{"line":12,"column":24}}},"fnMap":{},"branchMap":{},"s":{"0":8,"1":8,"2":8,"3":8,"4":8,"5":8,"6":8,"7":8,"8":8},"f":{},"b":{},"_coverageSchema":"332fd63041d2c1bcb487cc26dd0d5f7d97098a6c","hash":"dc763d1d0503656693228f8f51a7f1727899322c"}
,"C:\\Users\\Beyhan Ildırar\\OneDrive\\Masaüstü\\osf-final-project\\src\\routes\\cartRoute.js": {"path":"C:\\Users\\Beyhan Ildırar\\OneDrive\\Masaüstü\\osf-final-project\\src\\routes\\cartRoute.js","statementMap":{"0":{"start":{"line":1,"column":19},"end":{"line":1,"column":37}},"1":{"start":{"line":7,"column":4},"end":{"line":7,"column":44}},"2":{"start":{"line":8,"column":22},"end":{"line":8,"column":56}},"3":{"start":{"line":10,"column":15},"end":{"line":10,"column":23}},"4":{"start":{"line":12,"column":0},"end":{"line":12,"column":36}},"5":{"start":{"line":13,"column":0},"end":{"line":17,"column":2}},"6":{"start":{"line":18,"column":0},"end":{"line":22,"column":2}},"7":{"start":{"line":23,"column":0},"end":{"line":27,"column":2}},"8":{"start":{"line":29,"column":0},"end":{"line":29,"column":24}}},"fnMap":{},"branchMap":{},"s":{"0":8,"1":8,"2":8,"3":8,"4":8,"5":8,"6":8,"7":8,"8":8},"f":{},"b":{},"_coverageSchema":"332fd63041d2c1bcb487cc26dd0d5f7d97098a6c","hash":"e52cbc28d66ad12cc2f63262816ef83560a9a8ab"}
,"C:\\Users\\Beyhan Ildırar\\OneDrive\\Masaüstü\\osf-final-project\\src\\routes\\categoryRoute.js": {"path":"C:\\Users\\Beyhan Ildırar\\OneDrive\\Masaüstü\\osf-final-project\\src\\routes\\categoryRoute.js","statementMap":{"0":{"start":{"line":1,"column":19},"end":{"line":1,"column":37}},"1":{"start":{"line":2,"column":27},"end":{"line":2,"column":71}},"2":{"start":{"line":4,"column":15},"end":{"line":4,"column":23}},"3":{"start":{"line":6,"column":0},"end":{"line":6,"column":63}},"4":{"start":{"line":7,"column":0},"end":{"line":10,"column":2}},"5":{"start":{"line":12,"column":0},"end":{"line":12,"column":24}}},"fnMap":{},"branchMap":{},"s":{"0":8,"1":8,"2":8,"3":8,"4":8,"5":8},"f":{},"b":{},"_coverageSchema":"332fd63041d2c1bcb487cc26dd0d5f7d97098a6c","hash":"10cd33b03f514a9b048d6eafb39cf1a845348d6c"}
,"C:\\Users\\Beyhan Ildırar\\OneDrive\\Masaüstü\\osf-final-project\\src\\routes\\orderRoute.js": {"path":"C:\\Users\\Beyhan Ildırar\\OneDrive\\Masaüstü\\osf-final-project\\src\\routes\\orderRoute.js","statementMap":{"0":{"start":{"line":1,"column":19},"end":{"line":1,"column":37}},"1":{"start":{"line":2,"column":34},"end":{"line":2,"column":75}},"2":{"start":{"line":3,"column":22},"end":{"line":3,"column":56}},"3":{"start":{"line":4,"column":15},"end":{"line":4,"column":23}},"4":{"start":{"line":6,"column":0},"end":{"line":6,"column":37}},"5":{"start":{"line":7,"column":0},"end":{"line":7,"column":52}},"6":{"start":{"line":9,"column":0},"end":{"line":9,"column":24}}},"fnMap":{},"branchMap":{},"s":{"0":8,"1":8,"2":8,"3":8,"4":8,"5":8,"6":8},"f":{},"b":{},"_coverageSchema":"332fd63041d2c1bcb487cc26dd0d5f7d97098a6c","hash":"a08a6803037bced0033cedc06f24a4a2a29ee145"}
,"C:\\Users\\Beyhan Ildırar\\OneDrive\\Masaüstü\\osf-final-project\\src\\routes\\pageRoute.js": {"path":"C:\\Users\\Beyhan Ildırar\\OneDrive\\Masaüstü\\osf-final-project\\src\\routes\\pageRoute.js","statementMap":{"0":{"start":{"line":1,"column":19},"end":{"line":1,"column":37}},"1":{"start":{"line":2,"column":56},"end":{"line":2,"column":96}},"2":{"start":{"line":4,"column":15},"end":{"line":4,"column":23}},"3":{"start":{"line":6,"column":0},"end":{"line":6,"column":30}},"4":{"start":{"line":7,"column":0},"end":{"line":7,"column":35}},"5":{"start":{"line":8,"column":0},"end":{"line":8,"column":41}},"6":{"start":{"line":10,"column":0},"end":{"line":10,"column":24}}},"fnMap":{},"branchMap":{},"s":{"0":8,"1":8,"2":8,"3":8,"4":8,"5":8,"6":8},"f":{},"b":{},"_coverageSchema":"332fd63041d2c1bcb487cc26dd0d5f7d97098a6c","hash":"ff767befb20cb5c9ab003bf95f306bbf56cdf760"}
,"C:\\Users\\Beyhan Ildırar\\OneDrive\\Masaüstü\\osf-final-project\\src\\routes\\productRoute.js": {"path":"C:\\Users\\Beyhan Ildırar\\OneDrive\\Masaüstü\\osf-final-project\\src\\routes\\productRoute.js","statementMap":{"0":{"start":{"line":1,"column":19},"end":{"line":1,"column":37}},"1":{"start":{"line":2,"column":26},"end":{"line":2,"column":69}},"2":{"start":{"line":4,"column":15},"end":{"line":4,"column":23}},"3":{"start":{"line":6,"column":0},"end":{"line":6,"column":65}},"4":{"start":{"line":7,"column":0},"end":{"line":7,"column":74}},"5":{"start":{"line":9,"column":0},"end":{"line":9,"column":24}}},"fnMap":{},"branchMap":{},"s":{"0":8,"1":8,"2":8,"3":8,"4":8,"5":8},"f":{},"b":{},"_coverageSchema":"332fd63041d2c1bcb487cc26dd0d5f7d97098a6c","hash":"25d5ff9f2b2a41d70ad83c4eb5fa228341654964"}
,"C:\\Users\\Beyhan Ildırar\\OneDrive\\Masaüstü\\osf-final-project\\src\\routes\\searchRoute.js": {"path":"C:\\Users\\Beyhan Ildırar\\OneDrive\\Masaüstü\\osf-final-project\\src\\routes\\searchRoute.js","statementMap":{"0":{"start":{"line":1,"column":19},"end":{"line":1,"column":37}},"1":{"start":{"line":2,"column":19},"end":{"line":2,"column":61}},"2":{"start":{"line":4,"column":15},"end":{"line":4,"column":23}},"3":{"start":{"line":6,"column":0},"end":{"line":6,"column":25}},"4":{"start":{"line":8,"column":0},"end":{"line":8,"column":24}}},"fnMap":{},"branchMap":{},"s":{"0":8,"1":8,"2":8,"3":8,"4":8},"f":{},"b":{},"_coverageSchema":"332fd63041d2c1bcb487cc26dd0d5f7d97098a6c","hash":"f8f75320f813df6d9127a749c1ea0524d330ac65"}
,"C:\\Users\\Beyhan Ildırar\\OneDrive\\Masaüstü\\osf-final-project\\src\\routes\\server.js": {"path":"C:\\Users\\Beyhan Ildırar\\OneDrive\\Masaüstü\\osf-final-project\\src\\routes\\server.js","statementMap":{"0":{"start":{"line":1,"column":0},"end":{"line":10,"column":2}},"1":{"start":{"line":2,"column":4},"end":{"line":2,"column":41}},"2":{"start":{"line":3,"column":4},"end":{"line":3,"column":55}},"3":{"start":{"line":4,"column":4},"end":{"line":4,"column":52}},"4":{"start":{"line":5,"column":4},"end":{"line":5,"column":45}},"5":{"start":{"line":6,"column":4},"end":{"line":6,"column":53}},"6":{"start":{"line":7,"column":4},"end":{"line":7,"column":45}},"7":{"start":{"line":8,"column":4},"end":{"line":8,"column":47}},"8":{"start":{"line":9,"column":4},"end":{"line":9,"column":49}}},"fnMap":{"0":{"name":"(anonymous_0)","decl":{"start":{"line":1,"column":17},"end":{"line":1,"column":18}},"loc":{"start":{"line":1,"column":26},"end":{"line":10,"column":1}},"line":1}},"branchMap":{},"s":{"0":8,"1":8,"2":8,"3":8,"4":8,"5":8,"6":8,"7":8,"8":8},"f":{"0":8},"b":{},"_coverageSchema":"332fd63041d2c1bcb487cc26dd0d5f7d97098a6c","hash":"f5d01dd6ae4317e76682699048340ccdf9b38774"}
,"C:\\Users\\Beyhan Ildırar\\OneDrive\\Masaüstü\\osf-final-project\\src\\routes\\wishlistRoute.js": {"path":"C:\\Users\\Beyhan Ildırar\\OneDrive\\Masaüstü\\osf-final-project\\src\\routes\\wishlistRoute.js","statementMap":{"0":{"start":{"line":1,"column":19},"end":{"line":1,"column":37}},"1":{"start":{"line":7,"column":4},"end":{"line":7,"column":48}},"2":{"start":{"line":8,"column":22},"end":{"line":8,"column":56}},"3":{"start":{"line":10,"column":15},"end":{"line":10,"column":23}},"4":{"start":{"line":12,"column":0},"end":{"line":12,"column":40}},"5":{"start":{"line":13,"column":0},"end":{"line":17,"column":2}},"6":{"start":{"line":18,"column":0},"end":{"line":22,"column":2}},"7":{"start":{"line":23,"column":0},"end":{"line":27,"column":2}},"8":{"start":{"line":29,"column":0},"end":{"line":29,"column":24}}},"fnMap":{},"branchMap":{},"s":{"0":8,"1":8,"2":8,"3":8,"4":8,"5":8,"6":8,"7":8,"8":8},"f":{},"b":{},"_coverageSchema":"332fd63041d2c1bcb487cc26dd0d5f7d97098a6c","hash":"82d5689469b57a0f583d8068447193e990e8b36c"}
,"C:\\Users\\Beyhan Ildırar\\OneDrive\\Masaüstü\\osf-final-project\\src\\services\\AuthService.js": {"path":"C:\\Users\\Beyhan Ildırar\\OneDrive\\Masaüstü\\osf-final-project\\src\\services\\AuthService.js","statementMap":{"0":{"start":{"line":1,"column":21},"end":{"line":1,"column":45}},"1":{"start":{"line":2,"column":15},"end":{"line":2,"column":35}},"2":{"start":{"line":5,"column":24},"end":{"line":7,"column":1}},"3":{"start":{"line":6,"column":4},"end":{"line":6,"column":64}},"4":{"start":{"line":10,"column":21},"end":{"line":12,"column":1}},"5":{"start":{"line":11,"column":4},"end":{"line":11,"column":64}},"6":{"start":{"line":14,"column":0},"end":{"line":14,"column":51}}},"fnMap":{"0":{"name":"(anonymous_0)","decl":{"start":{"line":5,"column":24},"end":{"line":5,"column":25}},"loc":{"start":{"line":5,"column":40},"end":{"line":7,"column":1}},"line":5},"1":{"name":"(anonymous_1)","decl":{"start":{"line":10,"column":21},"end":{"line":10,"column":22}},"loc":{"start":{"line":10,"column":37},"end":{"line":12,"column":1}},"line":10}},"branchMap":{},"s":{"0":8,"1":8,"2":8,"3":2,"4":8,"5":5,"6":8},"f":{"0":2,"1":5},"b":{},"_coverageSchema":"332fd63041d2c1bcb487cc26dd0d5f7d97098a6c","hash":"ffad09500d70cd0a47df5568540c2076677aaa16"}
,"C:\\Users\\Beyhan Ildırar\\OneDrive\\Masaüstü\\osf-final-project\\src\\services\\CartService.js": {"path":"C:\\Users\\Beyhan Ildırar\\OneDrive\\Masaüstü\\osf-final-project\\src\\services\\CartService.js","statementMap":{"0":{"start":{"line":1,"column":14},"end":{"line":1,"column":30}},"1":{"start":{"line":2,"column":15},"end":{"line":2,"column":35}},"2":{"start":{"line":3,"column":27},"end":{"line":3,"column":64}},"3":{"start":{"line":6,"column":23},"end":{"line":20,"column":1}},"4":{"start":{"line":7,"column":4},"end":{"line":19,"column":5}},"5":{"start":{"line":8,"column":25},"end":{"line":15,"column":10}},"6":{"start":{"line":16,"column":8},"end":{"line":16,"column":29}},"7":{"start":{"line":18,"column":8},"end":{"line":18,"column":35}},"8":{"start":{"line":23,"column":24},"end":{"line":43,"column":1}},"9":{"start":{"line":24,"column":15},"end":{"line":24,"column":17}},"10":{"start":{"line":25,"column":4},"end":{"line":40,"column":5}},"11":{"start":{"line":26,"column":24},"end":{"line":26,"column":60}},"12":{"start":{"line":27,"column":23},"end":{"line":27,"column":25}},"13":{"start":{"line":28,"column":8},"end":{"line":28,"column":37}},"14":{"start":{"line":29,"column":8},"end":{"line":29,"column":64}},"15":{"start":{"line":30,"column":8},"end":{"line":30,"column":39}},"16":{"start":{"line":31,"column":8},"end":{"line":31,"column":33}},"17":{"start":{"line":32,"column":8},"end":{"line":32,"column":65}},"18":{"start":{"line":33,"column":8},"end":{"line":33,"column":53}},"19":{"start":{"line":34,"column":8},"end":{"line":37,"column":10}},"20":{"start":{"line":38,"column":8},"end":{"line":38,"column":42}},"21":{"start":{"line":39,"column":8},"end":{"line":39,"column":28}},"22":{"start":{"line":42,"column":4},"end":{"line":42,"column":16}},"23":{"start":{"line":46,"column":36},"end":{"line":60,"column":1}},"24":{"start":{"line":47,"column":22},"end":{"line":47,"column":24}},"25":{"start":{"line":48,"column":21},"end":{"line":48,"column":41}},"26":{"start":{"line":49,"column":4},"end":{"line":57,"column":5}},"27":{"start":{"line":50,"column":8},"end":{"line":56,"column":9}},"28":{"start":{"line":51,"column":12},"end":{"line":55,"column":13}},"29":{"start":{"line":52,"column":16},"end":{"line":54,"column":17}},"30":{"start":{"line":53,"column":20},"end":{"line":53,"column":55}},"31":{"start":{"line":59,"column":4},"end":{"line":59,"column":23}},"32":{"start":{"line":63,"column":29},"end":{"line":78,"column":1}},"33":{"start":{"line":64,"column":4},"end":{"line":77,"column":5}},"34":{"start":{"line":65,"column":25},"end":{"line":73,"column":10}},"35":{"start":{"line":74,"column":8},"end":{"line":74,"column":29}},"36":{"start":{"line":76,"column":8},"end":{"line":76,"column":35}},"37":{"start":{"line":81,"column":34},"end":{"line":96,"column":1}},"38":{"start":{"line":82,"column":4},"end":{"line":95,"column":5}},"39":{"start":{"line":83,"column":25},"end":{"line":91,"column":10}},"40":{"start":{"line":92,"column":8},"end":{"line":92,"column":29}},"41":{"start":{"line":94,"column":8},"end":{"line":94,"column":35}},"42":{"start":{"line":99,"column":38},"end":{"line":114,"column":1}},"43":{"start":{"line":100,"column":4},"end":{"line":113,"column":5}},"44":{"start":{"line":101,"column":25},"end":{"line":109,"column":10}},"45":{"start":{"line":110,"column":8},"end":{"line":110,"column":29}},"46":{"start":{"line":112,"column":8},"end":{"line":112,"column":35}},"47":{"start":{"line":117,"column":27},"end":{"line":123,"column":1}},"48":{"start":{"line":118,"column":17},"end":{"line":118,"column":44}},"49":{"start":{"line":119,"column":4},"end":{"line":121,"column":5}},"50":{"start":{"line":120,"column":8},"end":{"line":120,"column":17}},"51":{"start":{"line":122,"column":4},"end":{"line":122,"column":29}},"52":{"start":{"line":125,"column":34},"end":{"line":131,"column":1}},"53":{"start":{"line":126,"column":21},"end":{"line":126,"column":22}},"54":{"start":{"line":127,"column":4},"end":{"line":129,"column":7}},"55":{"start":{"line":128,"column":8},"end":{"line":128,"column":55}},"56":{"start":{"line":130,"column":4},"end":{"line":130,"column":22}},"57":{"start":{"line":133,"column":0},"end":{"line":141,"column":2}}},"fnMap":{"0":{"name":"(anonymous_0)","decl":{"start":{"line":6,"column":23},"end":{"line":6,"column":24}},"loc":{"start":{"line":6,"column":40},"end":{"line":20,"column":1}},"line":6},"1":{"name":"(anonymous_1)","decl":{"start":{"line":23,"column":24},"end":{"line":23,"column":25}},"loc":{"start":{"line":23,"column":44},"end":{"line":43,"column":1}},"line":23},"2":{"name":"(anonymous_2)","decl":{"start":{"line":46,"column":36},"end":{"line":46,"column":37}},"loc":{"start":{"line":46,"column":58},"end":{"line":60,"column":1}},"line":46},"3":{"name":"(anonymous_3)","decl":{"start":{"line":63,"column":29},"end":{"line":63,"column":30}},"loc":{"start":{"line":63,"column":52},"end":{"line":78,"column":1}},"line":63},"4":{"name":"(anonymous_4)","decl":{"start":{"line":81,"column":34},"end":{"line":81,"column":35}},"loc":{"start":{"line":81,"column":57},"end":{"line":96,"column":1}},"line":81},"5":{"name":"(anonymous_5)","decl":{"start":{"line":99,"column":38},"end":{"line":99,"column":39}},"loc":{"start":{"line":99,"column":61},"end":{"line":114,"column":1}},"line":99},"6":{"name":"(anonymous_6)","decl":{"start":{"line":117,"column":27},"end":{"line":117,"column":28}},"loc":{"start":{"line":117,"column":44},"end":{"line":123,"column":1}},"line":117},"7":{"name":"(anonymous_7)","decl":{"start":{"line":125,"column":34},"end":{"line":125,"column":35}},"loc":{"start":{"line":125,"column":48},"end":{"line":131,"column":1}},"line":125},"8":{"name":"(anonymous_8)","decl":{"start":{"line":127,"column":21},"end":{"line":127,"column":22}},"loc":{"start":{"line":127,"column":34},"end":{"line":129,"column":5}},"line":127}},"branchMap":{"0":{"loc":{"start":{"line":50,"column":8},"end":{"line":56,"column":9}},"type":"if","locations":[{"start":{"line":50,"column":8},"end":{"line":56,"column":9}},{"start":{"line":50,"column":8},"end":{"line":56,"column":9}}],"line":50},"1":{"loc":{"start":{"line":52,"column":16},"end":{"line":54,"column":17}},"type":"if","locations":[{"start":{"line":52,"column":16},"end":{"line":54,"column":17}},{"start":{"line":52,"column":16},"end":{"line":54,"column":17}}],"line":52},"2":{"loc":{"start":{"line":119,"column":4},"end":{"line":121,"column":5}},"type":"if","locations":[{"start":{"line":119,"column":4},"end":{"line":121,"column":5}},{"start":{"line":119,"column":4},"end":{"line":121,"column":5}}],"line":119}},"s":{"0":8,"1":8,"2":8,"3":8,"4":5,"5":5,"6":5,"7":0,"8":8,"9":2,"10":2,"11":2,"12":2,"13":2,"14":2,"15":2,"16":2,"17":2,"18":2,"19":2,"20":2,"21":2,"22":2,"23":8,"24":2,"25":2,"26":2,"27":4,"28":4,"29":16,"30":4,"31":2,"32":8,"33":3,"34":3,"35":3,"36":0,"37":8,"38":2,"39":2,"40":1,"41":1,"42":8,"43":2,"44":2,"45":0,"46":2,"47":8,"48":1,"49":1,"50":0,"51":1,"52":8,"53":1,"54":1,"55":1,"56":1,"57":8},"f":{"0":5,"1":2,"2":2,"3":3,"4":2,"5":2,"6":1,"7":1,"8":1},"b":{"0":[4,0],"1":[4,12],"2":[0,1]},"_coverageSchema":"332fd63041d2c1bcb487cc26dd0d5f7d97098a6c","hash":"fde5e50d594f7bc83fac1aa09b2af18e800885fc"}
,"C:\\Users\\Beyhan Ildırar\\OneDrive\\Masaüstü\\osf-final-project\\src\\services\\CategoryService.js": {"path":"C:\\Users\\Beyhan Ildırar\\OneDrive\\Masaüstü\\osf-final-project\\src\\services\\CategoryService.js","statementMap":{"0":{"start":{"line":1,"column":20},"end":{"line":1,"column":44}},"1":{"start":{"line":2,"column":15},"end":{"line":2,"column":35}},"2":{"start":{"line":5,"column":24},"end":{"line":9,"column":1}},"3":{"start":{"line":6,"column":4},"end":{"line":8,"column":6}},"4":{"start":{"line":12,"column":32},"end":{"line":16,"column":1}},"5":{"start":{"line":13,"column":4},"end":{"line":15,"column":6}},"6":{"start":{"line":19,"column":25},"end":{"line":23,"column":1}},"7":{"start":{"line":20,"column":4},"end":{"line":22,"column":6}},"8":{"start":{"line":25,"column":0},"end":{"line":25,"column":80}}},"fnMap":{"0":{"name":"(anonymous_0)","decl":{"start":{"line":5,"column":24},"end":{"line":5,"column":25}},"loc":{"start":{"line":5,"column":50},"end":{"line":9,"column":1}},"line":5},"1":{"name":"(anonymous_1)","decl":{"start":{"line":12,"column":32},"end":{"line":12,"column":33}},"loc":{"start":{"line":12,"column":60},"end":{"line":16,"column":1}},"line":12},"2":{"name":"(anonymous_2)","decl":{"start":{"line":19,"column":25},"end":{"line":19,"column":26}},"loc":{"start":{"line":19,"column":37},"end":{"line":23,"column":1}},"line":19}},"branchMap":{},"s":{"0":8,"1":8,"2":8,"3":2,"4":8,"5":12,"6":8,"7":7,"8":8},"f":{"0":2,"1":12,"2":7},"b":{},"_coverageSchema":"332fd63041d2c1bcb487cc26dd0d5f7d97098a6c","hash":"e99a7e982ec54769a12b0339996b3ef25bb9c95d"}
,"C:\\Users\\Beyhan Ildırar\\OneDrive\\Masaüstü\\osf-final-project\\src\\services\\DataService.js": {"path":"C:\\Users\\Beyhan Ildırar\\OneDrive\\Masaüstü\\osf-final-project\\src\\services\\DataService.js","statementMap":{"0":{"start":{"line":1,"column":14},"end":{"line":1,"column":30}},"1":{"start":{"line":5,"column":4},"end":{"line":15,"column":5}},"2":{"start":{"line":6,"column":25},"end":{"line":10,"column":10}},"3":{"start":{"line":12,"column":8},"end":{"line":12,"column":29}},"4":{"start":{"line":14,"column":8},"end":{"line":14,"column":35}},"5":{"start":{"line":20,"column":4},"end":{"line":30,"column":5}},"6":{"start":{"line":21,"column":25},"end":{"line":25,"column":10}},"7":{"start":{"line":27,"column":8},"end":{"line":27,"column":29}},"8":{"start":{"line":29,"column":8},"end":{"line":29,"column":35}},"9":{"start":{"line":33,"column":0},"end":{"line":33,"column":39}}},"fnMap":{"0":{"name":"getData","decl":{"start":{"line":4,"column":15},"end":{"line":4,"column":22}},"loc":{"start":{"line":4,"column":39},"end":{"line":16,"column":1}},"line":4},"1":{"name":"authPost","decl":{"start":{"line":19,"column":15},"end":{"line":19,"column":23}},"loc":{"start":{"line":19,"column":35},"end":{"line":31,"column":1}},"line":19}},"branchMap":{"0":{"loc":{"start":{"line":4,"column":28},"end":{"line":4,"column":37}},"type":"default-arg","locations":[{"start":{"line":4,"column":35},"end":{"line":4,"column":37}}],"line":4}},"s":{"0":8,"1":49,"2":49,"3":48,"4":1,"5":7,"6":7,"7":5,"8":2,"9":8},"f":{"0":49,"1":7},"b":{"0":[49]},"_coverageSchema":"332fd63041d2c1bcb487cc26dd0d5f7d97098a6c","hash":"7ec81d35cacaf45b0da80dc7a3837216ee145484"}
,"C:\\Users\\Beyhan Ildırar\\OneDrive\\Masaüstü\\osf-final-project\\src\\services\\OrderService.js": {"path":"C:\\Users\\Beyhan Ildırar\\OneDrive\\Masaüstü\\osf-final-project\\src\\services\\OrderService.js","statementMap":{"0":{"start":{"line":1,"column":27},"end":{"line":1,"column":44}},"1":{"start":{"line":2,"column":14},"end":{"line":2,"column":30}},"2":{"start":{"line":3,"column":15},"end":{"line":3,"column":35}},"3":{"start":{"line":6,"column":24},"end":{"line":20,"column":1}},"4":{"start":{"line":7,"column":4},"end":{"line":19,"column":5}},"5":{"start":{"line":8,"column":25},"end":{"line":15,"column":10}},"6":{"start":{"line":16,"column":8},"end":{"line":16,"column":29}},"7":{"start":{"line":18,"column":8},"end":{"line":18,"column":35}},"8":{"start":{"line":23,"column":27},"end":{"line":38,"column":1}},"9":{"start":{"line":24,"column":4},"end":{"line":37,"column":5}},"10":{"start":{"line":25,"column":25},"end":{"line":33,"column":10}},"11":{"start":{"line":34,"column":8},"end":{"line":34,"column":29}},"12":{"start":{"line":36,"column":8},"end":{"line":36,"column":35}},"13":{"start":{"line":41,"column":26},"end":{"line":45,"column":1}},"14":{"start":{"line":42,"column":19},"end":{"line":42,"column":51}},"15":{"start":{"line":43,"column":22},"end":{"line":43,"column":37}},"16":{"start":{"line":44,"column":4},"end":{"line":44,"column":21}},"17":{"start":{"line":47,"column":0},"end":{"line":47,"column":76}}},"fnMap":{"0":{"name":"(anonymous_0)","decl":{"start":{"line":6,"column":24},"end":{"line":6,"column":25}},"loc":{"start":{"line":6,"column":41},"end":{"line":20,"column":1}},"line":6},"1":{"name":"(anonymous_1)","decl":{"start":{"line":23,"column":27},"end":{"line":23,"column":28}},"loc":{"start":{"line":23,"column":50},"end":{"line":38,"column":1}},"line":23},"2":{"name":"(anonymous_2)","decl":{"start":{"line":41,"column":26},"end":{"line":41,"column":27}},"loc":{"start":{"line":41,"column":32},"end":{"line":45,"column":1}},"line":41}},"branchMap":{},"s":{"0":8,"1":8,"2":8,"3":8,"4":2,"5":2,"6":2,"7":0,"8":8,"9":2,"10":2,"11":2,"12":0,"13":8,"14":2,"15":2,"16":2,"17":8},"f":{"0":2,"1":2,"2":2},"b":{},"_coverageSchema":"332fd63041d2c1bcb487cc26dd0d5f7d97098a6c","hash":"d089f13ae74bbff54d02342b1e2459c3ccef86f8"}
,"C:\\Users\\Beyhan Ildırar\\OneDrive\\Masaüstü\\osf-final-project\\src\\services\\ProductService.js": {"path":"C:\\Users\\Beyhan Ildırar\\OneDrive\\Masaüstü\\osf-final-project\\src\\services\\ProductService.js","statementMap":{"0":{"start":{"line":1,"column":20},"end":{"line":1,"column":44}},"1":{"start":{"line":2,"column":15},"end":{"line":2,"column":35}},"2":{"start":{"line":3,"column":29},"end":{"line":3,"column":57}},"3":{"start":{"line":6,"column":32},"end":{"line":10,"column":1}},"4":{"start":{"line":7,"column":4},"end":{"line":9,"column":6}},"5":{"start":{"line":13,"column":23},"end":{"line":19,"column":1}},"6":{"start":{"line":14,"column":4},"end":{"line":18,"column":9}},"7":{"start":{"line":22,"column":35},"end":{"line":29,"column":1}},"8":{"start":{"line":23,"column":21},"end":{"line":25,"column":6}},"9":{"start":{"line":24,"column":8},"end":{"line":24,"column":47}},"10":{"start":{"line":24,"column":35},"end":{"line":24,"column":47}},"11":{"start":{"line":27,"column":19},"end":{"line":27,"column":71}},"12":{"start":{"line":28,"column":4},"end":{"line":28,"column":18}},"13":{"start":{"line":32,"column":35},"end":{"line":47,"column":1}},"14":{"start":{"line":37,"column":4},"end":{"line":45,"column":5}},"15":{"start":{"line":38,"column":8},"end":{"line":40,"column":10}},"16":{"start":{"line":41,"column":8},"end":{"line":41,"column":46}},"17":{"start":{"line":42,"column":8},"end":{"line":44,"column":10}},"18":{"start":{"line":46,"column":4},"end":{"line":46,"column":23}},"19":{"start":{"line":50,"column":25},"end":{"line":58,"column":1}},"20":{"start":{"line":51,"column":4},"end":{"line":57,"column":41}},"21":{"start":{"line":53,"column":12},"end":{"line":55,"column":13}},"22":{"start":{"line":54,"column":16},"end":{"line":54,"column":28}},"23":{"start":{"line":57,"column":30},"end":{"line":57,"column":39}},"24":{"start":{"line":60,"column":0},"end":{"line":66,"column":2}}},"fnMap":{"0":{"name":"(anonymous_0)","decl":{"start":{"line":6,"column":32},"end":{"line":6,"column":33}},"loc":{"start":{"line":6,"column":61},"end":{"line":10,"column":1}},"line":6},"1":{"name":"(anonymous_1)","decl":{"start":{"line":13,"column":23},"end":{"line":13,"column":24}},"loc":{"start":{"line":13,"column":37},"end":{"line":19,"column":1}},"line":13},"2":{"name":"(anonymous_2)","decl":{"start":{"line":22,"column":35},"end":{"line":22,"column":36}},"loc":{"start":{"line":22,"column":57},"end":{"line":29,"column":1}},"line":22},"3":{"name":"(anonymous_3)","decl":{"start":{"line":23,"column":55},"end":{"line":23,"column":56}},"loc":{"start":{"line":23,"column":65},"end":{"line":25,"column":5}},"line":23},"4":{"name":"(anonymous_4)","decl":{"start":{"line":32,"column":35},"end":{"line":32,"column":36}},"loc":{"start":{"line":36,"column":5},"end":{"line":47,"column":1}},"line":36},"5":{"name":"(anonymous_5)","decl":{"start":{"line":50,"column":25},"end":{"line":50,"column":26}},"loc":{"start":{"line":50,"column":38},"end":{"line":58,"column":1}},"line":50},"6":{"name":"(anonymous_6)","decl":{"start":{"line":52,"column":16},"end":{"line":52,"column":17}},"loc":{"start":{"line":52,"column":26},"end":{"line":56,"column":9}},"line":52},"7":{"name":"(anonymous_7)","decl":{"start":{"line":57,"column":20},"end":{"line":57,"column":21}},"loc":{"start":{"line":57,"column":30},"end":{"line":57,"column":39}},"line":57}},"branchMap":{"0":{"loc":{"start":{"line":24,"column":8},"end":{"line":24,"column":47}},"type":"if","locations":[{"start":{"line":24,"column":8},"end":{"line":24,"column":47}},{"start":{"line":24,"column":8},"end":{"line":24,"column":47}}],"line":24},"1":{"loc":{"start":{"line":27,"column":19},"end":{"line":27,"column":71}},"type":"cond-expr","locations":[{"start":{"line":27,"column":33},"end":{"line":27,"column":63}},{"start":{"line":27,"column":66},"end":{"line":27,"column":71}}],"line":27},"2":{"loc":{"start":{"line":37,"column":4},"end":{"line":45,"column":5}},"type":"if","locations":[{"start":{"line":37,"column":4},"end":{"line":45,"column":5}},{"start":{"line":37,"column":4},"end":{"line":45,"column":5}}],"line":37},"3":{"loc":{"start":{"line":53,"column":12},"end":{"line":55,"column":13}},"type":"if","locations":[{"start":{"line":53,"column":12},"end":{"line":55,"column":13}},{"start":{"line":53,"column":12},"end":{"line":55,"column":13}}],"line":53}},"s":{"0":8,"1":8,"2":8,"3":8,"4":20,"5":8,"6":8,"7":8,"8":4,"9":104,"10":3,"11":4,"12":4,"13":8,"14":1,"15":1,"16":1,"17":1,"18":1,"19":8,"20":2,"21":20,"22":5,"23":4,"24":8},"f":{"0":20,"1":8,"2":4,"3":104,"4":1,"5":2,"6":20,"7":4},"b":{"0":[3,101],"1":[3,1],"2":[1,0],"3":[5,15]},"_coverageSchema":"332fd63041d2c1bcb487cc26dd0d5f7d97098a6c","hash":"b488e14d3bb425250d9944eeacbf60e97758bc33"}
,"C:\\Users\\Beyhan Ildırar\\OneDrive\\Masaüstü\\osf-final-project\\src\\services\\SearchService.js": {"path":"C:\\Users\\Beyhan Ildırar\\OneDrive\\Masaüstü\\osf-final-project\\src\\services\\SearchService.js","statementMap":{"0":{"start":{"line":1,"column":29},"end":{"line":1,"column":57}},"1":{"start":{"line":4,"column":40},"end":{"line":17,"column":1}},"2":{"start":{"line":5,"column":23},"end":{"line":7,"column":6}},"3":{"start":{"line":6,"column":8},"end":{"line":6,"column":78}},"4":{"start":{"line":8,"column":26},"end":{"line":8,"column":65}},"5":{"start":{"line":8,"column":51},"end":{"line":8,"column":64}},"6":{"start":{"line":9,"column":21},"end":{"line":9,"column":23}},"7":{"start":{"line":10,"column":4},"end":{"line":12,"column":7}},"8":{"start":{"line":11,"column":8},"end":{"line":11,"column":78}},"9":{"start":{"line":11,"column":49},"end":{"line":11,"column":78}},"10":{"start":{"line":13,"column":4},"end":{"line":15,"column":7}},"11":{"start":{"line":14,"column":8},"end":{"line":14,"column":61}},"12":{"start":{"line":16,"column":4},"end":{"line":16,"column":25}},"13":{"start":{"line":19,"column":0},"end":{"line":19,"column":53}}},"fnMap":{"0":{"name":"(anonymous_0)","decl":{"start":{"line":4,"column":40},"end":{"line":4,"column":41}},"loc":{"start":{"line":4,"column":52},"end":{"line":17,"column":1}},"line":4},"1":{"name":"(anonymous_1)","decl":{"start":{"line":5,"column":54},"end":{"line":5,"column":55}},"loc":{"start":{"line":5,"column":68},"end":{"line":7,"column":5}},"line":5},"2":{"name":"(anonymous_2)","decl":{"start":{"line":8,"column":41},"end":{"line":8,"column":42}},"loc":{"start":{"line":8,"column":51},"end":{"line":8,"column":64}},"line":8},"3":{"name":"(anonymous_3)","decl":{"start":{"line":10,"column":23},"end":{"line":10,"column":24}},"loc":{"start":{"line":10,"column":33},"end":{"line":12,"column":5}},"line":10},"4":{"name":"(anonymous_4)","decl":{"start":{"line":13,"column":23},"end":{"line":13,"column":24}},"loc":{"start":{"line":13,"column":33},"end":{"line":15,"column":5}},"line":13}},"branchMap":{"0":{"loc":{"start":{"line":11,"column":8},"end":{"line":11,"column":78}},"type":"if","locations":[{"start":{"line":11,"column":8},"end":{"line":11,"column":78}},{"start":{"line":11,"column":8},"end":{"line":11,"column":78}}],"line":11}},"s":{"0":8,"1":8,"2":2,"3":52,"4":2,"5":52,"6":2,"7":2,"8":52,"9":16,"10":2,"11":16,"12":2,"13":8},"f":{"0":2,"1":52,"2":52,"3":52,"4":16},"b":{"0":[16,36]},"_coverageSchema":"332fd63041d2c1bcb487cc26dd0d5f7d97098a6c","hash":"4c86d19d0ffd011b28f4f278ba1dcc1fd43000cc"}
,"C:\\Users\\Beyhan Ildırar\\OneDrive\\Masaüstü\\osf-final-project\\src\\services\\wishlistService.js": {"path":"C:\\Users\\Beyhan Ildırar\\OneDrive\\Masaüstü\\osf-final-project\\src\\services\\wishlistService.js","statementMap":{"0":{"start":{"line":1,"column":14},"end":{"line":1,"column":30}},"1":{"start":{"line":2,"column":15},"end":{"line":2,"column":35}},"2":{"start":{"line":3,"column":27},"end":{"line":3,"column":64}},"3":{"start":{"line":6,"column":27},"end":{"line":20,"column":1}},"4":{"start":{"line":7,"column":4},"end":{"line":19,"column":5}},"5":{"start":{"line":8,"column":25},"end":{"line":15,"column":10}},"6":{"start":{"line":16,"column":8},"end":{"line":16,"column":29}},"7":{"start":{"line":18,"column":8},"end":{"line":18,"column":35}},"8":{"start":{"line":23,"column":24},"end":{"line":43,"column":1}},"9":{"start":{"line":24,"column":15},"end":{"line":24,"column":17}},"10":{"start":{"line":25,"column":4},"end":{"line":40,"column":5}},"11":{"start":{"line":26,"column":24},"end":{"line":26,"column":60}},"12":{"start":{"line":27,"column":23},"end":{"line":27,"column":25}},"13":{"start":{"line":28,"column":8},"end":{"line":28,"column":37}},"14":{"start":{"line":29,"column":8},"end":{"line":29,"column":64}},"15":{"start":{"line":30,"column":8},"end":{"line":30,"column":39}},"16":{"start":{"line":31,"column":8},"end":{"line":31,"column":33}},"17":{"start":{"line":32,"column":8},"end":{"line":32,"column":65}},"18":{"start":{"line":33,"column":8},"end":{"line":33,"column":53}},"19":{"start":{"line":34,"column":8},"end":{"line":37,"column":10}},"20":{"start":{"line":38,"column":8},"end":{"line":38,"column":42}},"21":{"start":{"line":39,"column":8},"end":{"line":39,"column":28}},"22":{"start":{"line":42,"column":4},"end":{"line":42,"column":16}},"23":{"start":{"line":46,"column":36},"end":{"line":60,"column":1}},"24":{"start":{"line":47,"column":22},"end":{"line":47,"column":24}},"25":{"start":{"line":48,"column":21},"end":{"line":48,"column":41}},"26":{"start":{"line":49,"column":4},"end":{"line":57,"column":5}},"27":{"start":{"line":50,"column":8},"end":{"line":56,"column":9}},"28":{"start":{"line":51,"column":12},"end":{"line":55,"column":13}},"29":{"start":{"line":52,"column":16},"end":{"line":54,"column":17}},"30":{"start":{"line":53,"column":20},"end":{"line":53,"column":55}},"31":{"start":{"line":59,"column":4},"end":{"line":59,"column":23}},"32":{"start":{"line":63,"column":33},"end":{"line":78,"column":1}},"33":{"start":{"line":64,"column":4},"end":{"line":77,"column":5}},"34":{"start":{"line":65,"column":25},"end":{"line":73,"column":10}},"35":{"start":{"line":74,"column":8},"end":{"line":74,"column":29}},"36":{"start":{"line":76,"column":8},"end":{"line":76,"column":35}},"37":{"start":{"line":81,"column":37},"end":{"line":85,"column":1}},"38":{"start":{"line":82,"column":20},"end":{"line":82,"column":51}},"39":{"start":{"line":83,"column":21},"end":{"line":83,"column":37}},"40":{"start":{"line":84,"column":4},"end":{"line":84,"column":20}},"41":{"start":{"line":88,"column":31},"end":{"line":97,"column":1}},"42":{"start":{"line":89,"column":30},"end":{"line":89,"column":75}},"43":{"start":{"line":91,"column":4},"end":{"line":95,"column":5}},"44":{"start":{"line":92,"column":8},"end":{"line":94,"column":9}},"45":{"start":{"line":93,"column":12},"end":{"line":93,"column":35}},"46":{"start":{"line":96,"column":4},"end":{"line":96,"column":17}},"47":{"start":{"line":100,"column":38},"end":{"line":115,"column":1}},"48":{"start":{"line":101,"column":4},"end":{"line":114,"column":5}},"49":{"start":{"line":102,"column":25},"end":{"line":110,"column":10}},"50":{"start":{"line":111,"column":8},"end":{"line":111,"column":29}},"51":{"start":{"line":113,"column":8},"end":{"line":113,"column":35}},"52":{"start":{"line":118,"column":34},"end":{"line":133,"column":1}},"53":{"start":{"line":119,"column":4},"end":{"line":132,"column":5}},"54":{"start":{"line":120,"column":25},"end":{"line":128,"column":10}},"55":{"start":{"line":129,"column":8},"end":{"line":129,"column":29}},"56":{"start":{"line":131,"column":8},"end":{"line":131,"column":35}},"57":{"start":{"line":136,"column":27},"end":{"line":142,"column":1}},"58":{"start":{"line":137,"column":21},"end":{"line":137,"column":52}},"59":{"start":{"line":138,"column":4},"end":{"line":140,"column":5}},"60":{"start":{"line":139,"column":8},"end":{"line":139,"column":17}},"61":{"start":{"line":141,"column":4},"end":{"line":141,"column":33}},"62":{"start":{"line":144,"column":0},"end":{"line":154,"column":2}}},"fnMap":{"0":{"name":"(anonymous_0)","decl":{"start":{"line":6,"column":27},"end":{"line":6,"column":28}},"loc":{"start":{"line":6,"column":44},"end":{"line":20,"column":1}},"line":6},"1":{"name":"(anonymous_1)","decl":{"start":{"line":23,"column":24},"end":{"line":23,"column":25}},"loc":{"start":{"line":23,"column":44},"end":{"line":43,"column":1}},"line":23},"2":{"name":"(anonymous_2)","decl":{"start":{"line":46,"column":36},"end":{"line":46,"column":37}},"loc":{"start":{"line":46,"column":58},"end":{"line":60,"column":1}},"line":46},"3":{"name":"(anonymous_3)","decl":{"start":{"line":63,"column":33},"end":{"line":63,"column":34}},"loc":{"start":{"line":63,"column":56},"end":{"line":78,"column":1}},"line":63},"4":{"name":"(anonymous_4)","decl":{"start":{"line":81,"column":37},"end":{"line":81,"column":38}},"loc":{"start":{"line":81,"column":58},"end":{"line":85,"column":1}},"line":81},"5":{"name":"(anonymous_5)","decl":{"start":{"line":88,"column":31},"end":{"line":88,"column":32}},"loc":{"start":{"line":88,"column":61},"end":{"line":97,"column":1}},"line":88},"6":{"name":"(anonymous_6)","decl":{"start":{"line":100,"column":38},"end":{"line":100,"column":39}},"loc":{"start":{"line":100,"column":61},"end":{"line":115,"column":1}},"line":100},"7":{"name":"(anonymous_7)","decl":{"start":{"line":118,"column":34},"end":{"line":118,"column":35}},"loc":{"start":{"line":118,"column":57},"end":{"line":133,"column":1}},"line":118},"8":{"name":"(anonymous_8)","decl":{"start":{"line":136,"column":27},"end":{"line":136,"column":28}},"loc":{"start":{"line":136,"column":44},"end":{"line":142,"column":1}},"line":136}},"branchMap":{"0":{"loc":{"start":{"line":50,"column":8},"end":{"line":56,"column":9}},"type":"if","locations":[{"start":{"line":50,"column":8},"end":{"line":56,"column":9}},{"start":{"line":50,"column":8},"end":{"line":56,"column":9}}],"line":50},"1":{"loc":{"start":{"line":52,"column":16},"end":{"line":54,"column":17}},"type":"if","locations":[{"start":{"line":52,"column":16},"end":{"line":54,"column":17}},{"start":{"line":52,"column":16},"end":{"line":54,"column":17}}],"line":52},"2":{"loc":{"start":{"line":92,"column":8},"end":{"line":94,"column":9}},"type":"if","locations":[{"start":{"line":92,"column":8},"end":{"line":94,"column":9}},{"start":{"line":92,"column":8},"end":{"line":94,"column":9}}],"line":92},"3":{"loc":{"start":{"line":138,"column":4},"end":{"line":140,"column":5}},"type":"if","locations":[{"start":{"line":138,"column":4},"end":{"line":140,"column":5}},{"start":{"line":138,"column":4},"end":{"line":140,"column":5}}],"line":138}},"s":{"0":8,"1":8,"2":8,"3":8,"4":4,"5":4,"6":4,"7":0,"8":8,"9":2,"10":2,"11":2,"12":2,"13":2,"14":2,"15":2,"16":2,"17":2,"18":2,"19":2,"20":2,"21":2,"22":2,"23":8,"24":3,"25":3,"26":3,"27":6,"28":6,"29":28,"30":6,"31":3,"32":8,"33":2,"34":2,"35":2,"36":0,"37":8,"38":2,"39":2,"40":2,"41":8,"42":1,"43":1,"44":7,"45":1,"46":0,"47":8,"48":2,"49":2,"50":2,"51":0,"52":8,"53":2,"54":2,"55":0,"56":2,"57":8,"58":1,"59":1,"60":0,"61":1,"62":8},"f":{"0":4,"1":2,"2":3,"3":2,"4":2,"5":1,"6":2,"7":2,"8":1},"b":{"0":[6,0],"1":[6,22],"2":[1,6],"3":[0,1]},"_coverageSchema":"332fd63041d2c1bcb487cc26dd0d5f7d97098a6c","hash":"2ccb6e3f8e281e696a090155912e81d3f7239002"}
,"C:\\Users\\Beyhan Ildırar\\OneDrive\\Masaüstü\\osf-final-project\\testData\\data.js": {"path":"C:\\Users\\Beyhan Ildırar\\OneDrive\\Masaüstü\\osf-final-project\\testData\\data.js","statementMap":{"0":{"start":{"line":1,"column":17},"end":{"line":487,"column":2}},"1":{"start":{"line":489,"column":0},"end":{"line":489,"column":26}}},"fnMap":{},"branchMap":{},"s":{"0":5,"1":5},"f":{},"b":{},"_coverageSchema":"332fd63041d2c1bcb487cc26dd0d5f7d97098a6c","hash":"864617b7d52f9fae576b9be5df0ba038f97e8fba"}
}
