TN:
SF:C:\Users\Beyhan Ildırar\OneDrive\Masaüstü\osf-final-project\src\app.js
FN:34,(anonymous_0)
FN:52,(anonymous_1)
FN:60,(anonymous_2)
FNF:3
FNH:2
FNDA:8,(anonymous_0)
FNDA:20,(anonymous_1)
FNDA:0,(anonymous_2)
DA:1,8
DA:2,8
DA:3,8
DA:4,8
DA:5,8
DA:6,8
DA:7,8
DA:8,8
DA:9,8
DA:11,8
DA:14,8
DA:17,8
DA:29,8
DA:34,8
DA:35,8
DA:39,8
DA:41,8
DA:42,8
DA:43,8
DA:44,8
DA:45,8
DA:46,8
DA:47,8
DA:50,8
DA:52,8
DA:53,20
DA:54,20
DA:55,20
DA:56,20
DA:60,8
DA:63,8
DA:66,8
DA:67,8
DA:68,8
DA:70,8
LF:35
LH:35
BRF:0
BRH:0
end_of_record
TN:
SF:C:\Users\Beyhan Ildırar\OneDrive\Masaüstü\osf-final-project\src\config.js
FNF:0
FNH:0
DA:1,8
DA:2,8
DA:4,8
DA:17,8
LF:4
LH:4
BRDA:6,0,0,8
BRDA:6,0,1,0
BRF:2
BRH:1
end_of_record
TN:
SF:C:\Users\Beyhan Ildırar\OneDrive\Masaüstü\osf-final-project\src\controllers\authController.js
FN:11,(anonymous_0)
FN:46,(anonymous_1)
FN:82,(anonymous_2)
FN:96,(anonymous_3)
FNF:4
FNH:2
FNDA:2,(anonymous_0)
FNDA:2,(anonymous_1)
FNDA:0,(anonymous_2)
FNDA:0,(anonymous_3)
DA:1,8
DA:2,8
DA:3,8
DA:4,8
DA:5,8
DA:6,8
DA:7,8
DA:8,8
DA:11,8
DA:12,2
DA:14,2
DA:15,2
DA:16,0
DA:20,2
DA:26,2
DA:27,2
DA:28,1
DA:30,1
DA:38,1
DA:41,1
DA:46,8
DA:47,2
DA:48,2
DA:49,2
DA:54,2
DA:55,2
DA:56,1
DA:58,1
DA:62,1
DA:74,1
DA:77,1
DA:82,8
DA:83,0
DA:84,0
DA:85,0
DA:87,0
DA:88,0
DA:89,0
DA:91,0
DA:96,8
DA:97,0
DA:98,0
DA:99,0
DA:100,0
DA:101,0
DA:102,0
DA:103,0
DA:105,0
DA:112,0
DA:116,8
LF:50
LH:33
BRDA:15,0,0,0
BRDA:15,0,1,2
BRDA:27,1,0,1
BRDA:27,1,1,1
BRDA:55,2,0,1
BRDA:55,2,1,1
BRDA:84,3,0,0
BRDA:84,3,1,0
BRDA:84,4,0,0
BRDA:84,4,1,0
BRF:10
BRH:5
end_of_record
TN:
SF:C:\Users\Beyhan Ildırar\OneDrive\Masaüstü\osf-final-project\src\controllers\cartController.js
FN:17,(anonymous_0)
FN:47,(anonymous_1)
FN:113,(anonymous_2)
FN:148,(anonymous_3)
FNF:4
FNH:3
FNDA:1,(anonymous_0)
FNDA:0,(anonymous_1)
FNDA:1,(anonymous_2)
FNDA:1,(anonymous_3)
DA:1,8
DA:2,8
DA:10,8
DA:14,8
DA:17,8
DA:18,1
DA:19,1
DA:20,1
DA:21,1
DA:22,1
DA:23,1
DA:24,1
DA:25,0
DA:31,1
DA:32,1
DA:34,1
DA:42,0
DA:47,8
DA:48,0
DA:49,0
DA:50,0
DA:51,0
DA:52,0
DA:54,0
DA:59,0
DA:60,0
DA:61,0
DA:63,0
DA:64,0
DA:67,0
DA:68,0
DA:76,0
DA:79,0
DA:86,0
DA:87,0
DA:88,0
DA:92,0
DA:96,0
DA:98,0
DA:106,0
DA:108,0
DA:113,8
DA:114,1
DA:115,1
DA:116,1
DA:117,1
DA:123,1
DA:124,1
DA:125,1
DA:129,1
DA:132,0
DA:141,0
DA:143,0
DA:148,8
DA:149,1
DA:150,1
DA:151,1
DA:152,1
DA:153,1
DA:160,1
DA:161,1
DA:162,1
DA:166,1
DA:168,0
DA:177,0
DA:179,0
DA:182,8
LF:67
LH:36
BRDA:24,0,0,0
BRDA:24,0,1,1
BRDA:59,1,0,0
BRDA:59,1,1,0
BRDA:67,2,0,0
BRDA:67,2,1,0
BRDA:87,3,0,0
BRDA:87,3,1,0
BRDA:124,4,0,1
BRDA:124,4,1,0
BRDA:161,5,0,1
BRDA:161,5,1,0
BRF:12
BRH:3
end_of_record
TN:
SF:C:\Users\Beyhan Ildırar\OneDrive\Masaüstü\osf-final-project\src\controllers\categoryController.js
FN:10,(anonymous_0)
FN:32,(anonymous_1)
FNF:2
FNH:2
FNDA:1,(anonymous_0)
FNDA:1,(anonymous_1)
DA:4,8
DA:5,8
DA:6,8
DA:7,8
DA:10,8
DA:11,1
DA:13,1
DA:14,1
DA:15,1
DA:16,1
DA:18,1
DA:19,0
DA:21,1
DA:23,1
DA:27,0
DA:32,8
DA:33,1
DA:34,1
DA:36,1
DA:37,1
DA:38,0
DA:40,1
DA:41,1
DA:42,1
DA:43,1
DA:44,1
DA:46,1
DA:53,0
DA:57,8
LF:29
LH:25
BRDA:18,0,0,0
BRDA:18,0,1,1
BRDA:18,1,0,1
BRDA:18,1,1,1
BRDA:37,2,0,0
BRDA:37,2,1,1
BRDA:42,3,0,0
BRDA:42,3,1,1
BRF:8
BRH:5
end_of_record
TN:
SF:C:\Users\Beyhan Ildırar\OneDrive\Masaüstü\osf-final-project\src\controllers\orderController.js
FN:12,(anonymous_0)
FN:37,(anonymous_1)
FNF:2
FNH:2
FNDA:1,(anonymous_0)
FNDA:1,(anonymous_1)
DA:1,8
DA:2,8
DA:7,8
DA:8,8
DA:9,8
DA:12,8
DA:13,1
DA:14,1
DA:16,1
DA:17,1
DA:18,1
DA:19,1
DA:20,0
DA:26,1
DA:32,0
DA:37,8
DA:38,1
DA:39,1
DA:41,1
DA:43,1
DA:44,0
DA:48,0
DA:50,1
DA:51,1
DA:52,1
DA:53,1
DA:60,1
DA:62,1
DA:63,0
DA:67,0
DA:70,1
DA:74,1
DA:76,0
DA:80,8
LF:34
LH:27
BRDA:19,0,0,0
BRDA:19,0,1,1
BRDA:43,1,0,0
BRDA:43,1,1,1
BRDA:51,2,0,0
BRDA:51,2,1,1
BRDA:62,3,0,0
BRDA:62,3,1,1
BRF:8
BRH:4
end_of_record
TN:
SF:C:\Users\Beyhan Ildırar\OneDrive\Masaüstü\osf-final-project\src\controllers\pageController.js
FN:4,(anonymous_0)
FN:14,(anonymous_1)
FN:26,(anonymous_2)
FNF:3
FNH:1
FNDA:1,(anonymous_0)
FNDA:0,(anonymous_1)
FNDA:0,(anonymous_2)
DA:1,8
DA:4,8
DA:5,1
DA:6,1
DA:7,1
DA:9,0
DA:14,8
DA:15,0
DA:16,0
DA:18,0
DA:19,0
DA:21,0
DA:26,8
DA:27,0
DA:28,0
DA:29,0
DA:31,0
DA:35,8
LF:18
LH:8
BRDA:18,0,0,0
BRDA:18,0,1,0
BRDA:28,1,0,0
BRDA:28,1,1,0
BRF:4
BRH:0
end_of_record
TN:
SF:C:\Users\Beyhan Ildırar\OneDrive\Masaüstü\osf-final-project\src\controllers\productController.js
FN:13,(anonymous_0)
FN:40,(anonymous_1)
FNF:2
FNH:2
FNDA:1,(anonymous_0)
FNDA:1,(anonymous_1)
DA:1,8
DA:8,8
DA:9,8
DA:10,8
DA:13,8
DA:14,1
DA:16,1
DA:17,1
DA:18,1
DA:21,1
DA:22,0
DA:24,1
DA:25,1
DA:26,1
DA:27,0
DA:33,1
DA:35,0
DA:40,8
DA:41,1
DA:42,1
DA:43,1
DA:44,1
DA:46,1
DA:47,1
DA:48,1
DA:49,1
DA:52,1
DA:53,1
DA:54,0
DA:61,1
DA:62,1
DA:63,1
DA:64,0
DA:67,1
DA:79,0
DA:83,8
LF:36
LH:30
BRDA:21,0,0,0
BRDA:21,0,1,1
BRDA:26,1,0,0
BRDA:26,1,1,1
BRDA:53,2,0,0
BRDA:53,2,1,1
BRDA:63,3,0,0
BRDA:63,3,1,1
BRF:8
BRH:4
end_of_record
TN:
SF:C:\Users\Beyhan Ildırar\OneDrive\Masaüstü\osf-final-project\src\controllers\searchController.js
FN:8,(anonymous_0)
FNF:1
FNH:1
FNDA:1,(anonymous_0)
DA:3,8
DA:4,8
DA:5,8
DA:8,8
DA:9,1
DA:10,1
DA:11,1
DA:12,1
DA:13,1
DA:14,1
DA:15,1
DA:18,1
DA:19,18
DA:20,18
DA:22,18
DA:23,205
DA:24,0
DA:25,0
DA:26,0
DA:28,0
DA:29,0
DA:30,0
DA:31,0
DA:32,0
DA:33,0
DA:34,0
DA:35,0
DA:36,0
DA:37,0
DA:42,1
DA:49,0
DA:53,8
LF:32
LH:18
BRDA:20,0,0,0
BRDA:20,0,1,18
BRDA:23,1,0,0
BRDA:23,1,1,205
BRDA:24,2,0,0
BRDA:24,2,1,0
BRF:6
BRH:2
end_of_record
TN:
SF:C:\Users\Beyhan Ildırar\OneDrive\Masaüstü\osf-final-project\src\controllers\wishlistController.js
FN:14,(anonymous_0)
FN:41,(anonymous_1)
FN:97,(anonymous_2)
FN:132,(anonymous_3)
FNF:4
FNH:4
FNDA:1,(anonymous_0)
FNDA:1,(anonymous_1)
FNDA:1,(anonymous_2)
FNDA:1,(anonymous_3)
DA:1,8
DA:2,8
DA:3,8
DA:11,8
DA:14,8
DA:15,1
DA:16,1
DA:17,1
DA:18,1
DA:19,1
DA:20,1
DA:21,1
DA:22,0
DA:28,1
DA:29,1
DA:36,0
DA:41,8
DA:42,1
DA:43,1
DA:44,1
DA:45,1
DA:46,1
DA:48,1
DA:49,1
DA:50,1
DA:51,0
DA:59,0
DA:64,1
DA:71,1
DA:72,1
DA:73,0
DA:77,0
DA:82,1
DA:90,1
DA:92,0
DA:97,8
DA:98,1
DA:99,1
DA:100,1
DA:101,1
DA:107,1
DA:108,1
DA:109,0
DA:113,0
DA:116,1
DA:125,1
DA:127,0
DA:132,8
DA:133,1
DA:134,1
DA:135,1
DA:136,1
DA:137,1
DA:144,1
DA:145,1
DA:146,1
DA:150,1
DA:152,0
DA:161,0
DA:163,0
DA:167,8
LF:61
LH:48
BRDA:21,0,0,0
BRDA:21,0,1,1
BRDA:50,1,0,0
BRDA:50,1,1,1
BRDA:72,2,0,0
BRDA:72,2,1,1
BRDA:108,3,0,0
BRDA:108,3,1,1
BRDA:145,4,0,1
BRDA:145,4,1,0
BRF:10
BRH:5
end_of_record
TN:
SF:C:\Users\Beyhan Ildırar\OneDrive\Masaüstü\osf-final-project\src\exceptions\BadRequestError.js
FN:5,(anonymous_0)
FNF:1
FNH:0
FNDA:0,(anonymous_0)
DA:1,8
DA:2,8
DA:9,0
DA:13,8
LF:4
LH:3
BRDA:6,0,0,0
BRDA:7,1,0,0
BRF:2
BRH:0
end_of_record
TN:
SF:C:\Users\Beyhan Ildırar\OneDrive\Masaüstü\osf-final-project\src\exceptions\BaseError.js
FN:2,(anonymous_0)
FNF:1
FNH:1
FNDA:2,(anonymous_0)
DA:3,2
DA:4,2
DA:5,2
DA:9,8
LF:4
LH:4
BRF:0
BRH:0
end_of_record
TN:
SF:C:\Users\Beyhan Ildırar\OneDrive\Masaüstü\osf-final-project\src\exceptions\LoginError.js
FN:5,(anonymous_0)
FNF:1
FNH:1
FNDA:1,(anonymous_0)
DA:1,8
DA:2,8
DA:6,1
DA:10,8
LF:4
LH:4
BRDA:5,0,0,1
BRF:1
BRH:1
end_of_record
TN:
SF:C:\Users\Beyhan Ildırar\OneDrive\Masaüstü\osf-final-project\src\exceptions\RegisterError.js
FN:5,(anonymous_0)
FNF:1
FNH:1
FNDA:1,(anonymous_0)
DA:1,8
DA:2,8
DA:6,1
DA:10,8
LF:4
LH:4
BRDA:5,0,0,1
BRF:1
BRH:1
end_of_record
TN:
SF:C:\Users\Beyhan Ildırar\OneDrive\Masaüstü\osf-final-project\src\exceptions\UnauthorizedError.js
FN:5,(anonymous_0)
FNF:1
FNH:0
FNDA:0,(anonymous_0)
DA:1,8
DA:2,8
DA:6,0
DA:10,8
LF:4
LH:3
BRDA:5,0,0,0
BRF:1
BRH:0
end_of_record
TN:
SF:C:\Users\Beyhan Ildırar\OneDrive\Masaüstü\osf-final-project\src\exceptions\httpStatusCodes.js
FNF:0
FNH:0
DA:1,8
DA:8,8
LF:2
LH:2
BRF:0
BRH:0
end_of_record
TN:
SF:C:\Users\Beyhan Ildırar\OneDrive\Masaüstü\osf-final-project\src\helpers\checkImageExist.js
FN:3,(anonymous_0)
FNF:1
FNH:1
FNDA:2,(anonymous_0)
DA:1,8
DA:3,8
DA:4,2
DA:5,7
DA:6,1
DA:11,8
LF:6
LH:6
BRDA:5,0,0,1
BRDA:5,0,1,6
BRDA:5,1,0,7
BRDA:5,1,1,7
BRF:4
BRH:4
end_of_record
TN:
SF:C:\Users\Beyhan Ildırar\OneDrive\Masaüstü\osf-final-project\src\helpers\findParentName.js
FN:1,(anonymous_0)
FNF:1
FNH:1
FNDA:3,(anonymous_0)
DA:1,8
DA:2,3
DA:3,3
DA:4,1
DA:5,1
DA:6,1
DA:8,2
DA:9,2
DA:10,2
DA:12,2
DA:13,2
DA:14,2
DA:19,3
DA:22,8
LF:14
LH:14
BRDA:3,0,0,1
BRDA:3,0,1,2
BRDA:12,1,0,2
BRDA:12,1,1,0
BRDA:14,2,0,0
BRDA:14,2,1,2
BRF:6
BRH:4
end_of_record
TN:
SF:C:\Users\Beyhan Ildırar\OneDrive\Masaüstü\osf-final-project\src\middleware\authCheck.js
FN:3,(anonymous_0)
FNF:1
FNH:1
FNDA:9,(anonymous_0)
DA:1,8
DA:3,8
DA:4,9
DA:5,9
DA:6,9
DA:7,9
DA:9,0
DA:13,8
LF:8
LH:7
BRDA:6,0,0,0
BRDA:6,0,1,9
BRF:2
BRH:1
end_of_record
TN:
SF:C:\Users\Beyhan Ildırar\OneDrive\Masaüstü\osf-final-project\src\middleware\error.js
FN:1,(anonymous_0)
FNF:1
FNH:1
FNDA:1,(anonymous_0)
DA:1,8
DA:2,1
DA:5,8
LF:3
LH:3
BRF:0
BRH:0
end_of_record
TN:
SF:C:\Users\Beyhan Ildırar\OneDrive\Masaüstü\osf-final-project\src\middleware\errorHandler.js
FN:3,(anonymous_0)
FNF:1
FNH:1
FNDA:2,(anonymous_0)
DA:1,8
DA:3,8
DA:5,2
DA:6,2
DA:7,2
DA:9,1
DA:10,1
DA:12,1
DA:13,1
DA:15,0
DA:16,0
DA:18,0
DA:19,0
DA:21,0
DA:22,0
DA:23,0
DA:25,2
DA:28,8
LF:18
LH:11
BRDA:5,0,0,2
BRDA:5,0,1,0
BRDA:7,1,0,1
BRDA:7,1,1,1
BRDA:7,1,2,0
BRDA:7,1,3,0
BRDA:7,1,4,0
BRF:7
BRH:3
end_of_record
TN:
SF:C:\Users\Beyhan Ildırar\OneDrive\Masaüstü\osf-final-project\src\routes\authRoute.js
FNF:0
FNH:0
DA:1,8
DA:2,8
DA:3,8
DA:5,8
DA:7,8
DA:8,8
DA:9,8
DA:10,8
DA:12,8
LF:9
LH:9
BRF:0
BRH:0
end_of_record
TN:
SF:C:\Users\Beyhan Ildırar\OneDrive\Masaüstü\osf-final-project\src\routes\cartRoute.js
FNF:0
FNH:0
DA:1,8
DA:7,8
DA:8,8
DA:10,8
DA:12,8
DA:13,8
DA:18,8
DA:23,8
DA:29,8
LF:9
LH:9
BRF:0
BRH:0
end_of_record
TN:
SF:C:\Users\Beyhan Ildırar\OneDrive\Masaüstü\osf-final-project\src\routes\categoryRoute.js
FNF:0
FNH:0
DA:1,8
DA:2,8
DA:4,8
DA:6,8
DA:7,8
DA:12,8
LF:6
LH:6
BRF:0
BRH:0
end_of_record
TN:
SF:C:\Users\Beyhan Ildırar\OneDrive\Masaüstü\osf-final-project\src\routes\orderRoute.js
FNF:0
FNH:0
DA:1,8
DA:2,8
DA:3,8
DA:4,8
DA:6,8
DA:7,8
DA:9,8
LF:7
LH:7
BRF:0
BRH:0
end_of_record
TN:
SF:C:\Users\Beyhan Ildırar\OneDrive\Masaüstü\osf-final-project\src\routes\pageRoute.js
FNF:0
FNH:0
DA:1,8
DA:2,8
DA:4,8
DA:6,8
DA:7,8
DA:8,8
DA:10,8
LF:7
LH:7
BRF:0
BRH:0
end_of_record
TN:
SF:C:\Users\Beyhan Ildırar\OneDrive\Masaüstü\osf-final-project\src\routes\productRoute.js
FNF:0
FNH:0
DA:1,8
DA:2,8
DA:4,8
DA:6,8
DA:7,8
DA:9,8
LF:6
LH:6
BRF:0
BRH:0
end_of_record
TN:
SF:C:\Users\Beyhan Ildırar\OneDrive\Masaüstü\osf-final-project\src\routes\searchRoute.js
FNF:0
FNH:0
DA:1,8
DA:2,8
DA:4,8
DA:6,8
DA:8,8
LF:5
LH:5
BRF:0
BRH:0
end_of_record
TN:
SF:C:\Users\Beyhan Ildırar\OneDrive\Masaüstü\osf-final-project\src\routes\server.js
FN:1,(anonymous_0)
FNF:1
FNH:1
FNDA:8,(anonymous_0)
DA:1,8
DA:2,8
DA:3,8
DA:4,8
DA:5,8
DA:6,8
DA:7,8
DA:8,8
DA:9,8
LF:9
LH:9
BRF:0
BRH:0
end_of_record
TN:
SF:C:\Users\Beyhan Ildırar\OneDrive\Masaüstü\osf-final-project\src\routes\wishlistRoute.js
FNF:0
FNH:0
DA:1,8
DA:7,8
DA:8,8
DA:10,8
DA:12,8
DA:13,8
DA:18,8
DA:23,8
DA:29,8
LF:9
LH:9
BRF:0
BRH:0
end_of_record
TN:
SF:C:\Users\Beyhan Ildırar\OneDrive\Masaüstü\osf-final-project\src\services\AuthService.js
FN:5,(anonymous_0)
FN:10,(anonymous_1)
FNF:2
FNH:2
FNDA:2,(anonymous_0)
FNDA:5,(anonymous_1)
DA:1,8
DA:2,8
DA:5,8
DA:6,2
DA:10,8
DA:11,5
DA:14,8
LF:7
LH:7
BRF:0
BRH:0
end_of_record
TN:
SF:C:\Users\Beyhan Ildırar\OneDrive\Masaüstü\osf-final-project\src\services\CartService.js
FN:6,(anonymous_0)
FN:23,(anonymous_1)
FN:46,(anonymous_2)
FN:63,(anonymous_3)
FN:81,(anonymous_4)
FN:99,(anonymous_5)
FN:117,(anonymous_6)
FN:125,(anonymous_7)
FN:127,(anonymous_8)
FNF:9
FNH:9
FNDA:5,(anonymous_0)
FNDA:2,(anonymous_1)
FNDA:2,(anonymous_2)
FNDA:3,(anonymous_3)
FNDA:2,(anonymous_4)
FNDA:2,(anonymous_5)
FNDA:1,(anonymous_6)
FNDA:1,(anonymous_7)
FNDA:1,(anonymous_8)
DA:1,8
DA:2,8
DA:3,8
DA:6,8
DA:7,5
DA:8,5
DA:16,5
DA:18,0
DA:23,8
DA:24,2
DA:25,2
DA:26,2
DA:27,2
DA:28,2
DA:29,2
DA:30,2
DA:31,2
DA:32,2
DA:33,2
DA:34,2
DA:38,2
DA:39,2
DA:42,2
DA:46,8
DA:47,2
DA:48,2
DA:49,2
DA:50,4
DA:51,4
DA:52,16
DA:53,4
DA:59,2
DA:63,8
DA:64,3
DA:65,3
DA:74,3
DA:76,0
DA:81,8
DA:82,2
DA:83,2
DA:92,1
DA:94,1
DA:99,8
DA:100,2
DA:101,2
DA:110,0
DA:112,2
DA:117,8
DA:118,1
DA:119,1
DA:120,0
DA:122,1
DA:125,8
DA:126,1
DA:127,1
DA:128,1
DA:130,1
DA:133,8
LF:58
LH:54
BRDA:50,0,0,4
BRDA:50,0,1,0
BRDA:52,1,0,4
BRDA:52,1,1,12
BRDA:119,2,0,0
BRDA:119,2,1,1
BRF:6
BRH:4
end_of_record
TN:
SF:C:\Users\Beyhan Ildırar\OneDrive\Masaüstü\osf-final-project\src\services\CategoryService.js
FN:5,(anonymous_0)
FN:12,(anonymous_1)
FN:19,(anonymous_2)
FNF:3
FNH:3
FNDA:2,(anonymous_0)
FNDA:12,(anonymous_1)
FNDA:7,(anonymous_2)
DA:1,8
DA:2,8
DA:5,8
DA:6,2
DA:12,8
DA:13,12
DA:19,8
DA:20,7
DA:25,8
LF:9
LH:9
BRF:0
BRH:0
end_of_record
TN:
SF:C:\Users\Beyhan Ildırar\OneDrive\Masaüstü\osf-final-project\src\services\DataService.js
FN:4,getData
FN:19,authPost
FNF:2
FNH:2
FNDA:49,getData
FNDA:7,authPost
DA:1,8
DA:5,49
DA:6,49
DA:12,48
DA:14,1
DA:20,7
DA:21,7
DA:27,5
DA:29,2
DA:33,8
LF:10
LH:10
BRDA:4,0,0,49
BRF:1
BRH:1
end_of_record
TN:
SF:C:\Users\Beyhan Ildırar\OneDrive\Masaüstü\osf-final-project\src\services\OrderService.js
FN:6,(anonymous_0)
FN:23,(anonymous_1)
FN:41,(anonymous_2)
FNF:3
FNH:3
FNDA:2,(anonymous_0)
FNDA:2,(anonymous_1)
FNDA:2,(anonymous_2)
DA:1,8
DA:2,8
DA:3,8
DA:6,8
DA:7,2
DA:8,2
DA:16,2
DA:18,0
DA:23,8
DA:24,2
DA:25,2
DA:34,2
DA:36,0
DA:41,8
DA:42,2
DA:43,2
DA:44,2
DA:47,8
LF:18
LH:16
BRF:0
BRH:0
end_of_record
TN:
SF:C:\Users\Beyhan Ildırar\OneDrive\Masaüstü\osf-final-project\src\services\ProductService.js
FN:6,(anonymous_0)
FN:13,(anonymous_1)
FN:22,(anonymous_2)
FN:23,(anonymous_3)
FN:32,(anonymous_4)
FN:50,(anonymous_5)
FN:52,(anonymous_6)
FN:57,(anonymous_7)
FNF:8
FNH:8
FNDA:20,(anonymous_0)
FNDA:8,(anonymous_1)
FNDA:4,(anonymous_2)
FNDA:104,(anonymous_3)
FNDA:1,(anonymous_4)
FNDA:2,(anonymous_5)
FNDA:20,(anonymous_6)
FNDA:4,(anonymous_7)
DA:1,8
DA:2,8
DA:3,8
DA:6,8
DA:7,20
DA:13,8
DA:14,8
DA:22,8
DA:23,4
DA:24,104
DA:27,4
DA:28,4
DA:32,8
DA:37,1
DA:38,1
DA:41,1
DA:42,1
DA:46,1
DA:50,8
DA:51,2
DA:53,20
DA:54,5
DA:57,4
DA:60,8
LF:24
LH:24
BRDA:24,0,0,3
BRDA:24,0,1,101
BRDA:27,1,0,3
BRDA:27,1,1,1
BRDA:37,2,0,1
BRDA:37,2,1,0
BRDA:53,3,0,5
BRDA:53,3,1,15
BRF:8
BRH:7
end_of_record
TN:
SF:C:\Users\Beyhan Ildırar\OneDrive\Masaüstü\osf-final-project\src\services\SearchService.js
FN:4,(anonymous_0)
FN:5,(anonymous_1)
FN:8,(anonymous_2)
FN:10,(anonymous_3)
FN:13,(anonymous_4)
FNF:5
FNH:5
FNDA:2,(anonymous_0)
FNDA:52,(anonymous_1)
FNDA:52,(anonymous_2)
FNDA:52,(anonymous_3)
FNDA:16,(anonymous_4)
DA:1,8
DA:4,8
DA:5,2
DA:6,52
DA:8,52
DA:9,2
DA:10,2
DA:11,52
DA:13,2
DA:14,16
DA:16,2
DA:19,8
LF:12
LH:12
BRDA:11,0,0,16
BRDA:11,0,1,36
BRF:2
BRH:2
end_of_record
TN:
SF:C:\Users\Beyhan Ildırar\OneDrive\Masaüstü\osf-final-project\src\services\wishlistService.js
FN:6,(anonymous_0)
FN:23,(anonymous_1)
FN:46,(anonymous_2)
FN:63,(anonymous_3)
FN:81,(anonymous_4)
FN:88,(anonymous_5)
FN:100,(anonymous_6)
FN:118,(anonymous_7)
FN:136,(anonymous_8)
FNF:9
FNH:9
FNDA:4,(anonymous_0)
FNDA:2,(anonymous_1)
FNDA:3,(anonymous_2)
FNDA:2,(anonymous_3)
FNDA:2,(anonymous_4)
FNDA:1,(anonymous_5)
FNDA:2,(anonymous_6)
FNDA:2,(anonymous_7)
FNDA:1,(anonymous_8)
DA:1,8
DA:2,8
DA:3,8
DA:6,8
DA:7,4
DA:8,4
DA:16,4
DA:18,0
DA:23,8
DA:24,2
DA:25,2
DA:26,2
DA:27,2
DA:28,2
DA:29,2
DA:30,2
DA:31,2
DA:32,2
DA:33,2
DA:34,2
DA:38,2
DA:39,2
DA:42,2
DA:46,8
DA:47,3
DA:48,3
DA:49,3
DA:50,6
DA:51,6
DA:52,28
DA:53,6
DA:59,3
DA:63,8
DA:64,2
DA:65,2
DA:74,2
DA:76,0
DA:81,8
DA:82,2
DA:83,2
DA:84,2
DA:88,8
DA:89,1
DA:91,1
DA:92,7
DA:93,1
DA:96,0
DA:100,8
DA:101,2
DA:102,2
DA:111,2
DA:113,0
DA:118,8
DA:119,2
DA:120,2
DA:129,0
DA:131,2
DA:136,8
DA:137,1
DA:138,1
DA:139,0
DA:141,1
DA:144,8
LF:63
LH:57
BRDA:50,0,0,6
BRDA:50,0,1,0
BRDA:52,1,0,6
BRDA:52,1,1,22
BRDA:92,2,0,1
BRDA:92,2,1,6
BRDA:138,3,0,0
BRDA:138,3,1,1
BRF:8
BRH:6
end_of_record
TN:
SF:C:\Users\Beyhan Ildırar\OneDrive\Masaüstü\osf-final-project\testData\data.js
FNF:0
FNH:0
DA:1,5
DA:489,5
LF:2
LH:2
BRF:0
BRH:0
end_of_record
